{"C:\\Users\\enzo.villanueva_prag\\Desktop\\user-microservice\\src\\index.ts": {"path":"C:\\Users\\enzo.villanueva_prag\\Desktop\\user-microservice\\src\\index.ts","statementMap":{"0":{"start":{"line":1,"column":0},"end":{"line":1,"column":50}},"1":{"start":{"line":2,"column":0},"end":{"line":2,"column":27}},"2":{"start":{"line":3,"column":0},"end":{"line":3,"column":45}},"3":{"start":{"line":4,"column":0},"end":{"line":4,"column":45}},"4":{"start":{"line":5,"column":0},"end":{"line":5,"column":42}},"5":{"start":{"line":6,"column":0},"end":{"line":6,"column":41}},"6":{"start":{"line":7,"column":0},"end":{"line":7,"column":52}},"7":{"start":{"line":9,"column":12},"end":{"line":9,"column":21}},"8":{"start":{"line":11,"column":0},"end":{"line":11,"column":null}},"9":{"start":{"line":12,"column":0},"end":{"line":12,"column":null}},"10":{"start":{"line":13,"column":0},"end":{"line":13,"column":null}},"11":{"start":{"line":15,"column":0},"end":{"line":19,"column":null}},"12":{"start":{"line":16,"column":4},"end":{"line":18,"column":null}},"13":{"start":{"line":21,"column":0},"end":{"line":21,"column":null}},"14":{"start":{"line":22,"column":0},"end":{"line":22,"column":null}},"15":{"start":{"line":23,"column":0},"end":{"line":23,"column":null}},"16":{"start":{"line":25,"column":0},"end":{"line":27,"column":null}},"17":{"start":{"line":26,"column":12},"end":{"line":26,"column":59}},"18":{"start":{"line":27,"column":23},"end":{"line":27,"column":71}},"19":{"start":{"line":29,"column":15},"end":{"line":31,"column":2}},"20":{"start":{"line":30,"column":4},"end":{"line":30,"column":61}},"21":{"start":{"line":33,"column":0},"end":{"line":36,"column":null}}},"fnMap":{"0":{"name":"(anonymous_1)","decl":{"start":{"line":15,"column":13},"end":{"line":15,"column":14}},"loc":{"start":{"line":15,"column":54},"end":{"line":19,"column":1}}},"1":{"name":"(anonymous_2)","decl":{"start":{"line":26,"column":6},"end":{"line":26,"column":9}},"loc":{"start":{"line":26,"column":12},"end":{"line":26,"column":59}}},"2":{"name":"(anonymous_3)","decl":{"start":{"line":27,"column":7},"end":{"line":27,"column":8}},"loc":{"start":{"line":27,"column":23},"end":{"line":27,"column":71}}},"3":{"name":"(anonymous_4)","decl":{"start":{"line":29,"column":43},"end":{"line":29,"column":45}},"loc":{"start":{"line":29,"column":47},"end":{"line":31,"column":1}}}},"branchMap":{"0":{"loc":{"start":{"line":11,"column":16},"end":{"line":11,"column":40}},"type":"binary-expr","locations":[{"start":{"line":11,"column":16},"end":{"line":11,"column":32}},{"start":{"line":11,"column":36},"end":{"line":11,"column":40}}]}},"s":{"0":1,"1":1,"2":1,"3":1,"4":1,"5":1,"6":1,"7":1,"8":1,"9":1,"10":1,"11":1,"12":0,"13":1,"14":1,"15":1,"16":1,"17":1,"18":0,"19":1,"20":1,"21":1},"f":{"0":0,"1":1,"2":0,"3":1},"b":{"0":[1,1]}}
,"C:\\Users\\enzo.villanueva_prag\\Desktop\\user-microservice\\src\\connections\\prisma.connection.ts": {"path":"C:\\Users\\enzo.villanueva_prag\\Desktop\\user-microservice\\src\\connections\\prisma.connection.ts","statementMap":{"0":{"start":{"line":1,"column":0},"end":{"line":1,"column":46}},"1":{"start":{"line":3,"column":15},"end":{"line":3,"column":33}},"2":{"start":{"line":5,"column":0},"end":{"line":5,"column":null}}},"fnMap":{},"branchMap":{},"s":{"0":1,"1":1,"2":1},"f":{},"b":{}}
,"C:\\Users\\enzo.villanueva_prag\\Desktop\\user-microservice\\src\\controllers\\role.controller.ts": {"path":"C:\\Users\\enzo.villanueva_prag\\Desktop\\user-microservice\\src\\controllers\\role.controller.ts","statementMap":{"0":{"start":{"line":3,"column":0},"end":{"line":3,"column":61}},"1":{"start":{"line":4,"column":0},"end":{"line":4,"column":83}},"2":{"start":{"line":5,"column":0},"end":{"line":5,"column":83}},"3":{"start":{"line":6,"column":0},"end":{"line":6,"column":83}},"4":{"start":{"line":8,"column":0},"end":{"line":8,"column":93}},"5":{"start":{"line":9,"column":0},"end":{"line":9,"column":87}},"6":{"start":{"line":11,"column":19},"end":{"line":11,"column":83}},"7":{"start":{"line":12,"column":28},"end":{"line":12,"column":77}},"8":{"start":{"line":13,"column":28},"end":{"line":13,"column":77}},"9":{"start":{"line":14,"column":28},"end":{"line":14,"column":77}},"10":{"start":{"line":16,"column":29},"end":{"line":32,"column":null}},"11":{"start":{"line":16,"column":67},"end":{"line":32,"column":null}},"12":{"start":{"line":17,"column":40},"end":{"line":17,"column":48}},"13":{"start":{"line":19,"column":4},"end":{"line":31,"column":null}},"14":{"start":{"line":20,"column":29},"end":{"line":20,"column":83}},"15":{"start":{"line":21,"column":8},"end":{"line":25,"column":null}},"16":{"start":{"line":27,"column":8},"end":{"line":30,"column":null}},"17":{"start":{"line":16,"column":13},"end":{"line":16,"column":29}},"18":{"start":{"line":34,"column":31},"end":{"line":52,"column":null}},"19":{"start":{"line":34,"column":69},"end":{"line":52,"column":null}},"20":{"start":{"line":35,"column":25},"end":{"line":35,"column":35}},"21":{"start":{"line":37,"column":4},"end":{"line":51,"column":null}},"22":{"start":{"line":38,"column":28},"end":{"line":38,"column":72}},"23":{"start":{"line":40,"column":8},"end":{"line":44,"column":null}},"24":{"start":{"line":47,"column":8},"end":{"line":50,"column":null}},"25":{"start":{"line":34,"column":13},"end":{"line":34,"column":31}},"26":{"start":{"line":54,"column":31},"end":{"line":70,"column":null}},"27":{"start":{"line":54,"column":69},"end":{"line":70,"column":null}},"28":{"start":{"line":55,"column":23},"end":{"line":55,"column":33}},"29":{"start":{"line":57,"column":4},"end":{"line":69,"column":null}},"30":{"start":{"line":58,"column":30},"end":{"line":58,"column":75}},"31":{"start":{"line":59,"column":8},"end":{"line":63,"column":null}},"32":{"start":{"line":65,"column":8},"end":{"line":68,"column":null}},"33":{"start":{"line":54,"column":13},"end":{"line":54,"column":31}},"34":{"start":{"line":72,"column":31},"end":{"line":91,"column":null}},"35":{"start":{"line":72,"column":69},"end":{"line":91,"column":null}},"36":{"start":{"line":73,"column":23},"end":{"line":73,"column":33}},"37":{"start":{"line":75,"column":4},"end":{"line":89,"column":null}},"38":{"start":{"line":76,"column":30},"end":{"line":76,"column":83}},"39":{"start":{"line":78,"column":8},"end":{"line":82,"column":null}},"40":{"start":{"line":85,"column":8},"end":{"line":88,"column":null}},"41":{"start":{"line":72,"column":13},"end":{"line":72,"column":31}}},"fnMap":{"0":{"name":"(anonymous_8)","decl":{"start":{"line":16,"column":29},"end":{"line":16,"column":36}},"loc":{"start":{"line":16,"column":67},"end":{"line":32,"column":null}}},"1":{"name":"(anonymous_9)","decl":{"start":{"line":16,"column":67},"end":{"line":16,"column":null}},"loc":{"start":{"line":16,"column":67},"end":{"line":32,"column":1}}},"2":{"name":"(anonymous_10)","decl":{"start":{"line":34,"column":31},"end":{"line":34,"column":38}},"loc":{"start":{"line":34,"column":69},"end":{"line":52,"column":null}}},"3":{"name":"(anonymous_11)","decl":{"start":{"line":34,"column":69},"end":{"line":34,"column":null}},"loc":{"start":{"line":34,"column":69},"end":{"line":52,"column":1}}},"4":{"name":"(anonymous_12)","decl":{"start":{"line":54,"column":31},"end":{"line":54,"column":38}},"loc":{"start":{"line":54,"column":69},"end":{"line":70,"column":null}}},"5":{"name":"(anonymous_13)","decl":{"start":{"line":54,"column":69},"end":{"line":54,"column":null}},"loc":{"start":{"line":54,"column":69},"end":{"line":70,"column":1}}},"6":{"name":"(anonymous_14)","decl":{"start":{"line":72,"column":31},"end":{"line":72,"column":38}},"loc":{"start":{"line":72,"column":69},"end":{"line":91,"column":null}}},"7":{"name":"(anonymous_15)","decl":{"start":{"line":72,"column":69},"end":{"line":72,"column":null}},"loc":{"start":{"line":72,"column":69},"end":{"line":91,"column":1}}}},"branchMap":{},"s":{"0":1,"1":1,"2":1,"3":1,"4":1,"5":1,"6":1,"7":1,"8":1,"9":1,"10":1,"11":0,"12":0,"13":0,"14":0,"15":0,"16":0,"17":1,"18":1,"19":0,"20":0,"21":0,"22":0,"23":0,"24":0,"25":1,"26":1,"27":0,"28":0,"29":0,"30":0,"31":0,"32":0,"33":1,"34":1,"35":0,"36":0,"37":0,"38":0,"39":0,"40":0,"41":1},"f":{"0":0,"1":0,"2":0,"3":0,"4":0,"5":0,"6":0,"7":0},"b":{}}
,"C:\\Users\\enzo.villanueva_prag\\Desktop\\user-microservice\\src\\controllers\\user.controller.ts": {"path":"C:\\Users\\enzo.villanueva_prag\\Desktop\\user-microservice\\src\\controllers\\user.controller.ts","statementMap":{"0":{"start":{"line":2,"column":0},"end":{"line":2,"column":61}},"1":{"start":{"line":3,"column":0},"end":{"line":3,"column":59}},"2":{"start":{"line":5,"column":0},"end":{"line":5,"column":93}},"3":{"start":{"line":6,"column":0},"end":{"line":6,"column":109}},"4":{"start":{"line":7,"column":0},"end":{"line":7,"column":87}},"5":{"start":{"line":8,"column":0},"end":{"line":8,"column":93}},"6":{"start":{"line":9,"column":0},"end":{"line":9,"column":93}},"7":{"start":{"line":11,"column":19},"end":{"line":11,"column":168}},"8":{"start":{"line":12,"column":18},"end":{"line":12,"column":109}},"9":{"start":{"line":14,"column":30},"end":{"line":41,"column":null}},"10":{"start":{"line":14,"column":68},"end":{"line":41,"column":null}},"11":{"start":{"line":15,"column":88},"end":{"line":15,"column":96}},"12":{"start":{"line":17,"column":4},"end":{"line":40,"column":null}},"13":{"start":{"line":18,"column":40},"end":{"line":18,"column":143}},"14":{"start":{"line":20,"column":8},"end":{"line":33,"column":null}},"15":{"start":{"line":36,"column":8},"end":{"line":39,"column":null}},"16":{"start":{"line":14,"column":13},"end":{"line":14,"column":30}},"17":{"start":{"line":44,"column":33},"end":{"line":71,"column":null}},"18":{"start":{"line":44,"column":71},"end":{"line":71,"column":null}},"19":{"start":{"line":45,"column":102},"end":{"line":45,"column":110}},"20":{"start":{"line":47,"column":4},"end":{"line":70,"column":null}},"21":{"start":{"line":48,"column":43},"end":{"line":48,"column":163}},"22":{"start":{"line":50,"column":8},"end":{"line":63,"column":null}},"23":{"start":{"line":66,"column":8},"end":{"line":69,"column":null}},"24":{"start":{"line":44,"column":13},"end":{"line":44,"column":33}},"25":{"start":{"line":74,"column":31},"end":{"line":101,"column":null}},"26":{"start":{"line":74,"column":69},"end":{"line":101,"column":null}},"27":{"start":{"line":75,"column":88},"end":{"line":75,"column":96}},"28":{"start":{"line":77,"column":4},"end":{"line":100,"column":null}},"29":{"start":{"line":78,"column":31},"end":{"line":78,"column":135}},"30":{"start":{"line":80,"column":8},"end":{"line":93,"column":null}},"31":{"start":{"line":96,"column":8},"end":{"line":99,"column":null}},"32":{"start":{"line":74,"column":13},"end":{"line":74,"column":31}},"33":{"start":{"line":103,"column":21},"end":{"line":122,"column":null}},"34":{"start":{"line":103,"column":59},"end":{"line":122,"column":null}},"35":{"start":{"line":104,"column":38},"end":{"line":104,"column":46}},"36":{"start":{"line":106,"column":4},"end":{"line":121,"column":null}},"37":{"start":{"line":107,"column":62},"end":{"line":107,"column":108}},"38":{"start":{"line":109,"column":8},"end":{"line":113,"column":null}},"39":{"start":{"line":117,"column":8},"end":{"line":120,"column":null}},"40":{"start":{"line":103,"column":13},"end":{"line":103,"column":21}}},"fnMap":{"0":{"name":"(anonymous_8)","decl":{"start":{"line":14,"column":30},"end":{"line":14,"column":37}},"loc":{"start":{"line":14,"column":68},"end":{"line":41,"column":null}}},"1":{"name":"(anonymous_9)","decl":{"start":{"line":14,"column":68},"end":{"line":14,"column":null}},"loc":{"start":{"line":14,"column":68},"end":{"line":41,"column":1}}},"2":{"name":"(anonymous_10)","decl":{"start":{"line":44,"column":33},"end":{"line":44,"column":40}},"loc":{"start":{"line":44,"column":71},"end":{"line":71,"column":null}}},"3":{"name":"(anonymous_11)","decl":{"start":{"line":44,"column":71},"end":{"line":44,"column":null}},"loc":{"start":{"line":44,"column":71},"end":{"line":71,"column":1}}},"4":{"name":"(anonymous_12)","decl":{"start":{"line":74,"column":31},"end":{"line":74,"column":38}},"loc":{"start":{"line":74,"column":69},"end":{"line":101,"column":null}}},"5":{"name":"(anonymous_13)","decl":{"start":{"line":74,"column":69},"end":{"line":74,"column":null}},"loc":{"start":{"line":74,"column":69},"end":{"line":101,"column":1}}},"6":{"name":"(anonymous_14)","decl":{"start":{"line":103,"column":21},"end":{"line":103,"column":28}},"loc":{"start":{"line":103,"column":59},"end":{"line":122,"column":null}}},"7":{"name":"(anonymous_15)","decl":{"start":{"line":103,"column":59},"end":{"line":103,"column":null}},"loc":{"start":{"line":103,"column":59},"end":{"line":122,"column":1}}}},"branchMap":{"0":{"loc":{"start":{"line":24,"column":24},"end":{"line":24,"column":66}},"type":"cond-expr","locations":[{"start":{"line":24,"column":47},"end":{"line":24,"column":49}},{"start":{"line":24,"column":24},"end":{"line":24,"column":66}}]},"1":{"loc":{"start":{"line":24,"column":24},"end":{"line":24,"column":49}},"type":"binary-expr","locations":[{"start":{"line":24,"column":24},"end":{"line":24,"column":49}},{"start":{"line":24,"column":24},"end":{"line":24,"column":49}}]},"2":{"loc":{"start":{"line":25,"column":26},"end":{"line":25,"column":59}},"type":"cond-expr","locations":[{"start":{"line":25,"column":49},"end":{"line":25,"column":51}},{"start":{"line":25,"column":26},"end":{"line":25,"column":59}}]},"3":{"loc":{"start":{"line":25,"column":26},"end":{"line":25,"column":51}},"type":"binary-expr","locations":[{"start":{"line":25,"column":26},"end":{"line":25,"column":51}},{"start":{"line":25,"column":26},"end":{"line":25,"column":51}}]},"4":{"loc":{"start":{"line":26,"column":30},"end":{"line":26,"column":67}},"type":"cond-expr","locations":[{"start":{"line":26,"column":53},"end":{"line":26,"column":55}},{"start":{"line":26,"column":30},"end":{"line":26,"column":67}}]},"5":{"loc":{"start":{"line":26,"column":30},"end":{"line":26,"column":55}},"type":"binary-expr","locations":[{"start":{"line":26,"column":30},"end":{"line":26,"column":55}},{"start":{"line":26,"column":30},"end":{"line":26,"column":55}}]},"6":{"loc":{"start":{"line":27,"column":25},"end":{"line":27,"column":57}},"type":"cond-expr","locations":[{"start":{"line":27,"column":48},"end":{"line":27,"column":50}},{"start":{"line":27,"column":25},"end":{"line":27,"column":57}}]},"7":{"loc":{"start":{"line":27,"column":25},"end":{"line":27,"column":50}},"type":"binary-expr","locations":[{"start":{"line":27,"column":25},"end":{"line":27,"column":50}},{"start":{"line":27,"column":25},"end":{"line":27,"column":50}}]},"8":{"loc":{"start":{"line":28,"column":33},"end":{"line":28,"column":73}},"type":"cond-expr","locations":[{"start":{"line":28,"column":56},"end":{"line":28,"column":58}},{"start":{"line":28,"column":33},"end":{"line":28,"column":73}}]},"9":{"loc":{"start":{"line":28,"column":33},"end":{"line":28,"column":58}},"type":"binary-expr","locations":[{"start":{"line":28,"column":33},"end":{"line":28,"column":58}},{"start":{"line":28,"column":33},"end":{"line":28,"column":58}}]},"10":{"loc":{"start":{"line":29,"column":27},"end":{"line":29,"column":61}},"type":"cond-expr","locations":[{"start":{"line":29,"column":50},"end":{"line":29,"column":52}},{"start":{"line":29,"column":27},"end":{"line":29,"column":61}}]},"11":{"loc":{"start":{"line":29,"column":27},"end":{"line":29,"column":52}},"type":"binary-expr","locations":[{"start":{"line":29,"column":27},"end":{"line":29,"column":52}},{"start":{"line":29,"column":27},"end":{"line":29,"column":52}}]},"12":{"loc":{"start":{"line":30,"column":30},"end":{"line":30,"column":67}},"type":"cond-expr","locations":[{"start":{"line":30,"column":53},"end":{"line":30,"column":55}},{"start":{"line":30,"column":30},"end":{"line":30,"column":67}}]},"13":{"loc":{"start":{"line":30,"column":30},"end":{"line":30,"column":55}},"type":"binary-expr","locations":[{"start":{"line":30,"column":30},"end":{"line":30,"column":55}},{"start":{"line":30,"column":30},"end":{"line":30,"column":55}}]},"14":{"loc":{"start":{"line":31,"column":24},"end":{"line":31,"column":55}},"type":"cond-expr","locations":[{"start":{"line":31,"column":47},"end":{"line":31,"column":49}},{"start":{"line":31,"column":24},"end":{"line":31,"column":55}}]},"15":{"loc":{"start":{"line":31,"column":24},"end":{"line":31,"column":49}},"type":"binary-expr","locations":[{"start":{"line":31,"column":24},"end":{"line":31,"column":49}},{"start":{"line":31,"column":24},"end":{"line":31,"column":49}}]},"16":{"loc":{"start":{"line":54,"column":24},"end":{"line":54,"column":69}},"type":"cond-expr","locations":[{"start":{"line":54,"column":50},"end":{"line":54,"column":52}},{"start":{"line":54,"column":24},"end":{"line":54,"column":69}}]},"17":{"loc":{"start":{"line":54,"column":24},"end":{"line":54,"column":52}},"type":"binary-expr","locations":[{"start":{"line":54,"column":24},"end":{"line":54,"column":52}},{"start":{"line":54,"column":24},"end":{"line":54,"column":52}}]},"18":{"loc":{"start":{"line":55,"column":26},"end":{"line":55,"column":62}},"type":"cond-expr","locations":[{"start":{"line":55,"column":52},"end":{"line":55,"column":54}},{"start":{"line":55,"column":26},"end":{"line":55,"column":62}}]},"19":{"loc":{"start":{"line":55,"column":26},"end":{"line":55,"column":54}},"type":"binary-expr","locations":[{"start":{"line":55,"column":26},"end":{"line":55,"column":54}},{"start":{"line":55,"column":26},"end":{"line":55,"column":54}}]},"20":{"loc":{"start":{"line":56,"column":30},"end":{"line":56,"column":70}},"type":"cond-expr","locations":[{"start":{"line":56,"column":56},"end":{"line":56,"column":58}},{"start":{"line":56,"column":30},"end":{"line":56,"column":70}}]},"21":{"loc":{"start":{"line":56,"column":30},"end":{"line":56,"column":58}},"type":"binary-expr","locations":[{"start":{"line":56,"column":30},"end":{"line":56,"column":58}},{"start":{"line":56,"column":30},"end":{"line":56,"column":58}}]},"22":{"loc":{"start":{"line":57,"column":25},"end":{"line":57,"column":60}},"type":"cond-expr","locations":[{"start":{"line":57,"column":51},"end":{"line":57,"column":53}},{"start":{"line":57,"column":25},"end":{"line":57,"column":60}}]},"23":{"loc":{"start":{"line":57,"column":25},"end":{"line":57,"column":53}},"type":"binary-expr","locations":[{"start":{"line":57,"column":25},"end":{"line":57,"column":53}},{"start":{"line":57,"column":25},"end":{"line":57,"column":53}}]},"24":{"loc":{"start":{"line":58,"column":33},"end":{"line":58,"column":76}},"type":"cond-expr","locations":[{"start":{"line":58,"column":59},"end":{"line":58,"column":61}},{"start":{"line":58,"column":33},"end":{"line":58,"column":76}}]},"25":{"loc":{"start":{"line":58,"column":33},"end":{"line":58,"column":61}},"type":"binary-expr","locations":[{"start":{"line":58,"column":33},"end":{"line":58,"column":61}},{"start":{"line":58,"column":33},"end":{"line":58,"column":61}}]},"26":{"loc":{"start":{"line":59,"column":27},"end":{"line":59,"column":64}},"type":"cond-expr","locations":[{"start":{"line":59,"column":53},"end":{"line":59,"column":55}},{"start":{"line":59,"column":27},"end":{"line":59,"column":64}}]},"27":{"loc":{"start":{"line":59,"column":27},"end":{"line":59,"column":55}},"type":"binary-expr","locations":[{"start":{"line":59,"column":27},"end":{"line":59,"column":55}},{"start":{"line":59,"column":27},"end":{"line":59,"column":55}}]},"28":{"loc":{"start":{"line":60,"column":30},"end":{"line":60,"column":70}},"type":"cond-expr","locations":[{"start":{"line":60,"column":56},"end":{"line":60,"column":58}},{"start":{"line":60,"column":30},"end":{"line":60,"column":70}}]},"29":{"loc":{"start":{"line":60,"column":30},"end":{"line":60,"column":58}},"type":"binary-expr","locations":[{"start":{"line":60,"column":30},"end":{"line":60,"column":58}},{"start":{"line":60,"column":30},"end":{"line":60,"column":58}}]},"30":{"loc":{"start":{"line":61,"column":24},"end":{"line":61,"column":58}},"type":"cond-expr","locations":[{"start":{"line":61,"column":50},"end":{"line":61,"column":52}},{"start":{"line":61,"column":24},"end":{"line":61,"column":58}}]},"31":{"loc":{"start":{"line":61,"column":24},"end":{"line":61,"column":52}},"type":"binary-expr","locations":[{"start":{"line":61,"column":24},"end":{"line":61,"column":52}},{"start":{"line":61,"column":24},"end":{"line":61,"column":52}}]},"32":{"loc":{"start":{"line":84,"column":24},"end":{"line":84,"column":57}},"type":"cond-expr","locations":[{"start":{"line":84,"column":38},"end":{"line":84,"column":40}},{"start":{"line":84,"column":24},"end":{"line":84,"column":57}}]},"33":{"loc":{"start":{"line":84,"column":24},"end":{"line":84,"column":40}},"type":"binary-expr","locations":[{"start":{"line":84,"column":24},"end":{"line":84,"column":40}},{"start":{"line":84,"column":24},"end":{"line":84,"column":40}}]},"34":{"loc":{"start":{"line":85,"column":26},"end":{"line":85,"column":50}},"type":"cond-expr","locations":[{"start":{"line":85,"column":40},"end":{"line":85,"column":42}},{"start":{"line":85,"column":26},"end":{"line":85,"column":50}}]},"35":{"loc":{"start":{"line":85,"column":26},"end":{"line":85,"column":42}},"type":"binary-expr","locations":[{"start":{"line":85,"column":26},"end":{"line":85,"column":42}},{"start":{"line":85,"column":26},"end":{"line":85,"column":42}}]},"36":{"loc":{"start":{"line":86,"column":30},"end":{"line":86,"column":58}},"type":"cond-expr","locations":[{"start":{"line":86,"column":44},"end":{"line":86,"column":46}},{"start":{"line":86,"column":30},"end":{"line":86,"column":58}}]},"37":{"loc":{"start":{"line":86,"column":30},"end":{"line":86,"column":46}},"type":"binary-expr","locations":[{"start":{"line":86,"column":30},"end":{"line":86,"column":46}},{"start":{"line":86,"column":30},"end":{"line":86,"column":46}}]},"38":{"loc":{"start":{"line":87,"column":25},"end":{"line":87,"column":48}},"type":"cond-expr","locations":[{"start":{"line":87,"column":39},"end":{"line":87,"column":41}},{"start":{"line":87,"column":25},"end":{"line":87,"column":48}}]},"39":{"loc":{"start":{"line":87,"column":25},"end":{"line":87,"column":41}},"type":"binary-expr","locations":[{"start":{"line":87,"column":25},"end":{"line":87,"column":41}},{"start":{"line":87,"column":25},"end":{"line":87,"column":41}}]},"40":{"loc":{"start":{"line":88,"column":33},"end":{"line":88,"column":64}},"type":"cond-expr","locations":[{"start":{"line":88,"column":47},"end":{"line":88,"column":49}},{"start":{"line":88,"column":33},"end":{"line":88,"column":64}}]},"41":{"loc":{"start":{"line":88,"column":33},"end":{"line":88,"column":49}},"type":"binary-expr","locations":[{"start":{"line":88,"column":33},"end":{"line":88,"column":49}},{"start":{"line":88,"column":33},"end":{"line":88,"column":49}}]},"42":{"loc":{"start":{"line":89,"column":27},"end":{"line":89,"column":52}},"type":"cond-expr","locations":[{"start":{"line":89,"column":41},"end":{"line":89,"column":43}},{"start":{"line":89,"column":27},"end":{"line":89,"column":52}}]},"43":{"loc":{"start":{"line":89,"column":27},"end":{"line":89,"column":43}},"type":"binary-expr","locations":[{"start":{"line":89,"column":27},"end":{"line":89,"column":43}},{"start":{"line":89,"column":27},"end":{"line":89,"column":43}}]},"44":{"loc":{"start":{"line":90,"column":30},"end":{"line":90,"column":58}},"type":"cond-expr","locations":[{"start":{"line":90,"column":44},"end":{"line":90,"column":46}},{"start":{"line":90,"column":30},"end":{"line":90,"column":58}}]},"45":{"loc":{"start":{"line":90,"column":30},"end":{"line":90,"column":46}},"type":"binary-expr","locations":[{"start":{"line":90,"column":30},"end":{"line":90,"column":46}},{"start":{"line":90,"column":30},"end":{"line":90,"column":46}}]},"46":{"loc":{"start":{"line":91,"column":24},"end":{"line":91,"column":46}},"type":"cond-expr","locations":[{"start":{"line":91,"column":38},"end":{"line":91,"column":40}},{"start":{"line":91,"column":24},"end":{"line":91,"column":46}}]},"47":{"loc":{"start":{"line":91,"column":24},"end":{"line":91,"column":40}},"type":"binary-expr","locations":[{"start":{"line":91,"column":24},"end":{"line":91,"column":40}},{"start":{"line":91,"column":24},"end":{"line":91,"column":40}}]}},"s":{"0":1,"1":1,"2":1,"3":1,"4":1,"5":1,"6":1,"7":1,"8":1,"9":1,"10":2,"11":2,"12":2,"13":2,"14":2,"15":0,"16":1,"17":1,"18":2,"19":2,"20":2,"21":2,"22":2,"23":0,"24":1,"25":1,"26":2,"27":2,"28":2,"29":2,"30":2,"31":0,"32":1,"33":1,"34":3,"35":3,"36":3,"37":3,"38":1,"39":2,"40":1},"f":{"0":2,"1":2,"2":2,"3":2,"4":2,"5":2,"6":3,"7":3},"b":{"0":[0,2],"1":[2,2],"2":[0,2],"3":[2,2],"4":[0,2],"5":[2,2],"6":[0,2],"7":[2,2],"8":[0,2],"9":[2,2],"10":[0,2],"11":[2,2],"12":[0,2],"13":[2,2],"14":[0,2],"15":[2,2],"16":[0,2],"17":[2,2],"18":[0,2],"19":[2,2],"20":[0,2],"21":[2,2],"22":[0,2],"23":[2,2],"24":[0,2],"25":[2,2],"26":[0,2],"27":[2,2],"28":[0,2],"29":[2,2],"30":[0,2],"31":[2,2],"32":[0,2],"33":[2,2],"34":[0,2],"35":[2,2],"36":[0,2],"37":[2,2],"38":[0,2],"39":[2,2],"40":[0,2],"41":[2,2],"42":[0,2],"43":[2,2],"44":[0,2],"45":[2,2],"46":[0,2],"47":[2,2]}}
,"C:\\Users\\enzo.villanueva_prag\\Desktop\\user-microservice\\src\\core\\role\\application\\get.role.id.by.role.name.ts": {"path":"C:\\Users\\enzo.villanueva_prag\\Desktop\\user-microservice\\src\\core\\role\\application\\get.role.id.by.role.name.ts","statementMap":{"0":{"start":{"line":7,"column":8},"end":{"line":7,"column":null}},"1":{"start":{"line":11,"column":8},"end":{"line":22,"column":null}},"2":{"start":{"line":12,"column":32},"end":{"line":12,"column":98}},"3":{"start":{"line":14,"column":12},"end":{"line":16,"column":null}},"4":{"start":{"line":15,"column":16},"end":{"line":15,"column":null}},"5":{"start":{"line":18,"column":12},"end":{"line":18,"column":null}},"6":{"start":{"line":21,"column":12},"end":{"line":21,"column":null}},"7":{"start":{"line":3,"column":0},"end":{"line":3,"column":21}}},"fnMap":{"0":{"name":"(anonymous_7)","decl":{"start":{"line":6,"column":4},"end":{"line":6,"column":16}},"loc":{"start":{"line":6,"column":68},"end":{"line":8,"column":5}}},"1":{"name":"(anonymous_8)","decl":{"start":{"line":10,"column":10},"end":{"line":10,"column":18}},"loc":{"start":{"line":10,"column":36},"end":{"line":23,"column":null}}}},"branchMap":{"0":{"loc":{"start":{"line":14,"column":12},"end":{"line":16,"column":null}},"type":"if","locations":[{"start":{"line":14,"column":12},"end":{"line":16,"column":null}}]}},"s":{"0":1,"1":0,"2":0,"3":0,"4":0,"5":0,"6":0,"7":1},"f":{"0":1,"1":0},"b":{"0":[0]}}
,"C:\\Users\\enzo.villanueva_prag\\Desktop\\user-microservice\\src\\core\\role\\application\\get.role.name.by.role.id.ts": {"path":"C:\\Users\\enzo.villanueva_prag\\Desktop\\user-microservice\\src\\core\\role\\application\\get.role.name.by.role.id.ts","statementMap":{"0":{"start":{"line":7,"column":8},"end":{"line":7,"column":null}},"1":{"start":{"line":11,"column":8},"end":{"line":22,"column":null}},"2":{"start":{"line":12,"column":34},"end":{"line":12,"column":98}},"3":{"start":{"line":14,"column":12},"end":{"line":16,"column":null}},"4":{"start":{"line":15,"column":16},"end":{"line":15,"column":null}},"5":{"start":{"line":18,"column":12},"end":{"line":18,"column":null}},"6":{"start":{"line":21,"column":12},"end":{"line":21,"column":null}},"7":{"start":{"line":3,"column":0},"end":{"line":3,"column":21}}},"fnMap":{"0":{"name":"(anonymous_7)","decl":{"start":{"line":6,"column":4},"end":{"line":6,"column":16}},"loc":{"start":{"line":6,"column":68},"end":{"line":8,"column":5}}},"1":{"name":"(anonymous_8)","decl":{"start":{"line":10,"column":10},"end":{"line":10,"column":21}},"loc":{"start":{"line":10,"column":37},"end":{"line":23,"column":null}}}},"branchMap":{"0":{"loc":{"start":{"line":14,"column":12},"end":{"line":16,"column":null}},"type":"if","locations":[{"start":{"line":14,"column":12},"end":{"line":16,"column":null}}]}},"s":{"0":1,"1":0,"2":0,"3":0,"4":0,"5":0,"6":0,"7":1},"f":{"0":1,"1":0},"b":{"0":[0]}}
,"C:\\Users\\enzo.villanueva_prag\\Desktop\\user-microservice\\src\\core\\role\\application\\get.role.name.by.user.id.ts": {"path":"C:\\Users\\enzo.villanueva_prag\\Desktop\\user-microservice\\src\\core\\role\\application\\get.role.name.by.user.id.ts","statementMap":{"0":{"start":{"line":7,"column":8},"end":{"line":7,"column":null}},"1":{"start":{"line":11,"column":8},"end":{"line":22,"column":null}},"2":{"start":{"line":12,"column":30},"end":{"line":12,"column":94}},"3":{"start":{"line":14,"column":12},"end":{"line":16,"column":null}},"4":{"start":{"line":15,"column":16},"end":{"line":15,"column":null}},"5":{"start":{"line":18,"column":12},"end":{"line":18,"column":null}},"6":{"start":{"line":21,"column":12},"end":{"line":21,"column":null}},"7":{"start":{"line":3,"column":0},"end":{"line":3,"column":21}}},"fnMap":{"0":{"name":"(anonymous_7)","decl":{"start":{"line":6,"column":4},"end":{"line":6,"column":16}},"loc":{"start":{"line":6,"column":68},"end":{"line":8,"column":5}}},"1":{"name":"(anonymous_8)","decl":{"start":{"line":10,"column":10},"end":{"line":10,"column":21}},"loc":{"start":{"line":10,"column":37},"end":{"line":23,"column":null}}}},"branchMap":{"0":{"loc":{"start":{"line":14,"column":12},"end":{"line":16,"column":null}},"type":"if","locations":[{"start":{"line":14,"column":12},"end":{"line":16,"column":null}}]}},"s":{"0":1,"1":0,"2":0,"3":0,"4":0,"5":0,"6":0,"7":1},"f":{"0":1,"1":0},"b":{"0":[0]}}
,"C:\\Users\\enzo.villanueva_prag\\Desktop\\user-microservice\\src\\core\\role\\application\\insert.role.ts": {"path":"C:\\Users\\enzo.villanueva_prag\\Desktop\\user-microservice\\src\\core\\role\\application\\insert.role.ts","statementMap":{"0":{"start":{"line":1,"column":0},"end":{"line":1,"column":39}},"1":{"start":{"line":2,"column":0},"end":{"line":2,"column":40}},"2":{"start":{"line":3,"column":0},"end":{"line":3,"column":42}},"3":{"start":{"line":13,"column":8},"end":{"line":14,"column":null}},"4":{"start":{"line":18,"column":8},"end":{"line":40,"column":null}},"5":{"start":{"line":19,"column":34},"end":{"line":22,"column":15}},"6":{"start":{"line":23,"column":12},"end":{"line":26,"column":null}},"7":{"start":{"line":24,"column":38},"end":{"line":24,"column":131}},"8":{"start":{"line":24,"column":67},"end":{"line":24,"column":123}},"9":{"start":{"line":25,"column":16},"end":{"line":25,"column":null}},"10":{"start":{"line":28,"column":27},"end":{"line":28,"column":74}},"11":{"start":{"line":30,"column":32},"end":{"line":34,"column":14}},"12":{"start":{"line":35,"column":35},"end":{"line":35,"column":95}},"13":{"start":{"line":36,"column":12},"end":{"line":36,"column":null}},"14":{"start":{"line":39,"column":12},"end":{"line":39,"column":null}},"15":{"start":{"line":8,"column":0},"end":{"line":8,"column":21}}},"fnMap":{"0":{"name":"(anonymous_8)","decl":{"start":{"line":12,"column":4},"end":{"line":12,"column":16}},"loc":{"start":{"line":12,"column":122},"end":{"line":15,"column":5}}},"1":{"name":"(anonymous_9)","decl":{"start":{"line":17,"column":10},"end":{"line":17,"column":20}},"loc":{"start":{"line":17,"column":63},"end":{"line":41,"column":null}}},"2":{"name":"(anonymous_11)","decl":{"start":{"line":24,"column":56},"end":{"line":24,"column":57}},"loc":{"start":{"line":24,"column":67},"end":{"line":24,"column":123}}}},"branchMap":{"0":{"loc":{"start":{"line":23,"column":12},"end":{"line":26,"column":null}},"type":"if","locations":[{"start":{"line":23,"column":12},"end":{"line":26,"column":null}}]},"1":{"loc":{"start":{"line":24,"column":67},"end":{"line":24,"column":123}},"type":"cond-expr","locations":[{"start":{"line":24,"column":87},"end":{"line":24,"column":119}},{"start":{"line":24,"column":121},"end":{"line":24,"column":123}}]}},"s":{"0":1,"1":1,"2":1,"3":1,"4":0,"5":0,"6":0,"7":0,"8":0,"9":0,"10":0,"11":0,"12":0,"13":0,"14":0,"15":1},"f":{"0":1,"1":0,"2":0},"b":{"0":[0],"1":[0,0]}}
,"C:\\Users\\enzo.villanueva_prag\\Desktop\\user-microservice\\src\\core\\role\\domain\\role.dto.ts": {"path":"C:\\Users\\enzo.villanueva_prag\\Desktop\\user-microservice\\src\\core\\role\\domain\\role.dto.ts","statementMap":{"0":{"start":{"line":1,"column":0},"end":{"line":1,"column":null}},"1":{"start":{"line":16,"column":8},"end":{"line":17,"column":null}},"2":{"start":{"line":9,"column":4},"end":{"line":9,"column":null}},"3":{"start":{"line":13,"column":4},"end":{"line":13,"column":null}},"4":{"start":{"line":5,"column":0},"end":{"line":5,"column":21}}},"fnMap":{"0":{"name":"(anonymous_1)","decl":{"start":{"line":15,"column":4},"end":{"line":15,"column":16}},"loc":{"start":{"line":15,"column":87},"end":{"line":18,"column":5}}}},"branchMap":{},"s":{"0":1,"1":0,"2":1,"3":1,"4":1},"f":{"0":0},"b":{}}
,"C:\\Users\\enzo.villanueva_prag\\Desktop\\user-microservice\\src\\core\\role\\domain\\role.model.ts": {"path":"C:\\Users\\enzo.villanueva_prag\\Desktop\\user-microservice\\src\\core\\role\\domain\\role.model.ts","statementMap":{"0":{"start":{"line":8,"column":8},"end":{"line":10,"column":null}},"1":{"start":{"line":2,"column":0},"end":{"line":2,"column":21}}},"fnMap":{"0":{"name":"(anonymous_0)","decl":{"start":{"line":7,"column":4},"end":{"line":7,"column":16}},"loc":{"start":{"line":7,"column":111},"end":{"line":11,"column":5}}}},"branchMap":{},"s":{"0":0,"1":1},"f":{"0":0},"b":{}}
,"C:\\Users\\enzo.villanueva_prag\\Desktop\\user-microservice\\src\\core\\role\\infraestructure\\prisma\\role.prisma.repository.ts": {"path":"C:\\Users\\enzo.villanueva_prag\\Desktop\\user-microservice\\src\\core\\role\\infraestructure\\prisma\\role.prisma.repository.ts","statementMap":{"0":{"start":{"line":1,"column":0},"end":{"line":1,"column":62}},"1":{"start":{"line":8,"column":8},"end":{"line":21,"column":null}},"2":{"start":{"line":9,"column":30},"end":{"line":15,"column":14}},"3":{"start":{"line":17,"column":12},"end":{"line":17,"column":null}},"4":{"start":{"line":20,"column":12},"end":{"line":20,"column":null}},"5":{"start":{"line":25,"column":8},"end":{"line":41,"column":null}},"6":{"start":{"line":26,"column":32},"end":{"line":33,"column":14}},"7":{"start":{"line":35,"column":12},"end":{"line":35,"column":null}},"8":{"start":{"line":35,"column":30},"end":{"line":35,"column":42}},"9":{"start":{"line":37,"column":12},"end":{"line":37,"column":null}},"10":{"start":{"line":40,"column":12},"end":{"line":40,"column":null}},"11":{"start":{"line":45,"column":8},"end":{"line":61,"column":null}},"12":{"start":{"line":46,"column":34},"end":{"line":53,"column":14}},"13":{"start":{"line":55,"column":12},"end":{"line":55,"column":null}},"14":{"start":{"line":55,"column":32},"end":{"line":55,"column":44}},"15":{"start":{"line":57,"column":12},"end":{"line":57,"column":null}},"16":{"start":{"line":60,"column":12},"end":{"line":60,"column":null}},"17":{"start":{"line":65,"column":8},"end":{"line":80,"column":null}},"18":{"start":{"line":66,"column":34},"end":{"line":74,"column":14}},"19":{"start":{"line":76,"column":12},"end":{"line":76,"column":null}},"20":{"start":{"line":79,"column":12},"end":{"line":79,"column":null}},"21":{"start":{"line":5,"column":0},"end":{"line":5,"column":21}}},"fnMap":{"0":{"name":"(anonymous_8)","decl":{"start":{"line":7,"column":10},"end":{"line":7,"column":20}},"loc":{"start":{"line":7,"column":32},"end":{"line":22,"column":null}}},"1":{"name":"(anonymous_10)","decl":{"start":{"line":24,"column":10},"end":{"line":24,"column":29}},"loc":{"start":{"line":24,"column":47},"end":{"line":42,"column":null}}},"2":{"name":"(anonymous_12)","decl":{"start":{"line":44,"column":10},"end":{"line":44,"column":29}},"loc":{"start":{"line":44,"column":45},"end":{"line":62,"column":null}}},"3":{"name":"(anonymous_14)","decl":{"start":{"line":64,"column":10},"end":{"line":64,"column":29}},"loc":{"start":{"line":64,"column":45},"end":{"line":81,"column":null}}}},"branchMap":{"0":{"loc":{"start":{"line":35,"column":12},"end":{"line":35,"column":null}},"type":"if","locations":[{"start":{"line":35,"column":12},"end":{"line":35,"column":null}}]},"1":{"loc":{"start":{"line":55,"column":12},"end":{"line":55,"column":null}},"type":"if","locations":[{"start":{"line":55,"column":12},"end":{"line":55,"column":null}}]}},"s":{"0":1,"1":0,"2":0,"3":0,"4":0,"5":6,"6":6,"7":6,"8":0,"9":6,"10":0,"11":1,"12":1,"13":1,"14":0,"15":1,"16":0,"17":0,"18":0,"19":0,"20":0,"21":1},"f":{"0":0,"1":6,"2":1,"3":0},"b":{"0":[0],"1":[0]}}
,"C:\\Users\\enzo.villanueva_prag\\Desktop\\user-microservice\\src\\core\\role\\infraestructure\\uuid\\role.uuid.repository.ts": {"path":"C:\\Users\\enzo.villanueva_prag\\Desktop\\user-microservice\\src\\core\\role\\infraestructure\\uuid\\role.uuid.repository.ts","statementMap":{"0":{"start":{"line":2,"column":0},"end":{"line":2,"column":33}},"1":{"start":{"line":7,"column":8},"end":{"line":13,"column":null}},"2":{"start":{"line":9,"column":12},"end":{"line":9,"column":null}},"3":{"start":{"line":12,"column":12},"end":{"line":12,"column":null}},"4":{"start":{"line":4,"column":0},"end":{"line":4,"column":21}}},"fnMap":{"0":{"name":"(anonymous_0)","decl":{"start":{"line":6,"column":4},"end":{"line":6,"column":18}},"loc":{"start":{"line":6,"column":18},"end":{"line":14,"column":5}}}},"branchMap":{},"s":{"0":1,"1":0,"2":0,"3":0,"4":1},"f":{"0":0},"b":{}}
,"C:\\Users\\enzo.villanueva_prag\\Desktop\\user-microservice\\src\\core\\user\\application\\insert.user.ts": {"path":"C:\\Users\\enzo.villanueva_prag\\Desktop\\user-microservice\\src\\core\\user\\application\\insert.user.ts","statementMap":{"0":{"start":{"line":1,"column":0},"end":{"line":1,"column":39}},"1":{"start":{"line":2,"column":0},"end":{"line":2,"column":40}},"2":{"start":{"line":3,"column":0},"end":{"line":3,"column":42}},"3":{"start":{"line":19,"column":8},"end":{"line":23,"column":null}},"4":{"start":{"line":27,"column":8},"end":{"line":64,"column":null}},"5":{"start":{"line":29,"column":34},"end":{"line":36,"column":55}},"6":{"start":{"line":37,"column":12},"end":{"line":40,"column":null}},"7":{"start":{"line":38,"column":38},"end":{"line":38,"column":131}},"8":{"start":{"line":38,"column":67},"end":{"line":38,"column":123}},"9":{"start":{"line":39,"column":16},"end":{"line":39,"column":null}},"10":{"start":{"line":42,"column":27},"end":{"line":42,"column":74}},"11":{"start":{"line":43,"column":42},"end":{"line":43,"column":119}},"12":{"start":{"line":44,"column":27},"end":{"line":44,"column":92}},"13":{"start":{"line":45,"column":12},"end":{"line":47,"column":null}},"14":{"start":{"line":46,"column":16},"end":{"line":46,"column":null}},"15":{"start":{"line":49,"column":29},"end":{"line":58,"column":14}},"16":{"start":{"line":59,"column":31},"end":{"line":59,"column":88}},"17":{"start":{"line":60,"column":12},"end":{"line":60,"column":null}},"18":{"start":{"line":63,"column":12},"end":{"line":63,"column":null}},"19":{"start":{"line":69,"column":8},"end":{"line":109,"column":null}},"20":{"start":{"line":70,"column":34},"end":{"line":78,"column":15}},"21":{"start":{"line":79,"column":12},"end":{"line":82,"column":null}},"22":{"start":{"line":80,"column":38},"end":{"line":80,"column":131}},"23":{"start":{"line":80,"column":67},"end":{"line":80,"column":123}},"24":{"start":{"line":81,"column":16},"end":{"line":81,"column":null}},"25":{"start":{"line":84,"column":27},"end":{"line":84,"column":74}},"26":{"start":{"line":85,"column":42},"end":{"line":85,"column":119}},"27":{"start":{"line":86,"column":27},"end":{"line":86,"column":95}},"28":{"start":{"line":87,"column":12},"end":{"line":89,"column":null}},"29":{"start":{"line":88,"column":16},"end":{"line":88,"column":null}},"30":{"start":{"line":91,"column":32},"end":{"line":100,"column":14}},"31":{"start":{"line":101,"column":34},"end":{"line":101,"column":94}},"32":{"start":{"line":104,"column":12},"end":{"line":104,"column":null}},"33":{"start":{"line":105,"column":12},"end":{"line":105,"column":null}},"34":{"start":{"line":108,"column":12},"end":{"line":108,"column":null}},"35":{"start":{"line":114,"column":8},"end":{"line":151,"column":null}},"36":{"start":{"line":116,"column":34},"end":{"line":123,"column":55}},"37":{"start":{"line":124,"column":12},"end":{"line":127,"column":null}},"38":{"start":{"line":125,"column":38},"end":{"line":125,"column":131}},"39":{"start":{"line":125,"column":67},"end":{"line":125,"column":123}},"40":{"start":{"line":126,"column":16},"end":{"line":126,"column":null}},"41":{"start":{"line":129,"column":27},"end":{"line":129,"column":74}},"42":{"start":{"line":130,"column":42},"end":{"line":130,"column":119}},"43":{"start":{"line":131,"column":27},"end":{"line":131,"column":93}},"44":{"start":{"line":132,"column":12},"end":{"line":134,"column":null}},"45":{"start":{"line":133,"column":16},"end":{"line":133,"column":null}},"46":{"start":{"line":136,"column":30},"end":{"line":145,"column":14}},"47":{"start":{"line":146,"column":32},"end":{"line":146,"column":90}},"48":{"start":{"line":147,"column":12},"end":{"line":147,"column":null}},"49":{"start":{"line":150,"column":12},"end":{"line":150,"column":null}},"50":{"start":{"line":11,"column":0},"end":{"line":11,"column":21}}},"fnMap":{"0":{"name":"(anonymous_8)","decl":{"start":{"line":18,"column":4},"end":{"line":18,"column":16}},"loc":{"start":{"line":18,"column":288},"end":{"line":24,"column":5}}},"1":{"name":"(anonymous_9)","decl":{"start":{"line":26,"column":10},"end":{"line":26,"column":21}},"loc":{"start":{"line":26,"column":144},"end":{"line":65,"column":null}}},"2":{"name":"(anonymous_11)","decl":{"start":{"line":38,"column":56},"end":{"line":38,"column":57}},"loc":{"start":{"line":38,"column":67},"end":{"line":38,"column":123}}},"3":{"name":"(anonymous_12)","decl":{"start":{"line":68,"column":10},"end":{"line":68,"column":24}},"loc":{"start":{"line":68,"column":169},"end":{"line":110,"column":null}}},"4":{"name":"(anonymous_14)","decl":{"start":{"line":80,"column":56},"end":{"line":80,"column":57}},"loc":{"start":{"line":80,"column":67},"end":{"line":80,"column":123}}},"5":{"name":"(anonymous_15)","decl":{"start":{"line":113,"column":10},"end":{"line":113,"column":22}},"loc":{"start":{"line":113,"column":145},"end":{"line":152,"column":null}}},"6":{"name":"(anonymous_17)","decl":{"start":{"line":125,"column":56},"end":{"line":125,"column":57}},"loc":{"start":{"line":125,"column":67},"end":{"line":125,"column":123}}}},"branchMap":{"0":{"loc":{"start":{"line":37,"column":12},"end":{"line":40,"column":null}},"type":"if","locations":[{"start":{"line":37,"column":12},"end":{"line":40,"column":null}}]},"1":{"loc":{"start":{"line":38,"column":67},"end":{"line":38,"column":123}},"type":"cond-expr","locations":[{"start":{"line":38,"column":87},"end":{"line":38,"column":119}},{"start":{"line":38,"column":121},"end":{"line":38,"column":123}}]},"2":{"loc":{"start":{"line":45,"column":12},"end":{"line":47,"column":null}},"type":"if","locations":[{"start":{"line":45,"column":12},"end":{"line":47,"column":null}}]},"3":{"loc":{"start":{"line":79,"column":12},"end":{"line":82,"column":null}},"type":"if","locations":[{"start":{"line":79,"column":12},"end":{"line":82,"column":null}}]},"4":{"loc":{"start":{"line":80,"column":67},"end":{"line":80,"column":123}},"type":"cond-expr","locations":[{"start":{"line":80,"column":87},"end":{"line":80,"column":119}},{"start":{"line":80,"column":121},"end":{"line":80,"column":123}}]},"5":{"loc":{"start":{"line":87,"column":12},"end":{"line":89,"column":null}},"type":"if","locations":[{"start":{"line":87,"column":12},"end":{"line":89,"column":null}}]},"6":{"loc":{"start":{"line":124,"column":12},"end":{"line":127,"column":null}},"type":"if","locations":[{"start":{"line":124,"column":12},"end":{"line":127,"column":null}}]},"7":{"loc":{"start":{"line":125,"column":67},"end":{"line":125,"column":123}},"type":"cond-expr","locations":[{"start":{"line":125,"column":87},"end":{"line":125,"column":119}},{"start":{"line":125,"column":121},"end":{"line":125,"column":123}}]},"8":{"loc":{"start":{"line":132,"column":12},"end":{"line":134,"column":null}},"type":"if","locations":[{"start":{"line":132,"column":12},"end":{"line":134,"column":null}}]}},"s":{"0":1,"1":1,"2":1,"3":1,"4":2,"5":2,"6":2,"7":0,"8":0,"9":0,"10":2,"11":2,"12":2,"13":2,"14":0,"15":2,"16":2,"17":2,"18":0,"19":2,"20":2,"21":2,"22":0,"23":0,"24":0,"25":2,"26":2,"27":2,"28":2,"29":0,"30":2,"31":2,"32":2,"33":2,"34":0,"35":2,"36":2,"37":2,"38":0,"39":0,"40":0,"41":2,"42":2,"43":2,"44":2,"45":0,"46":2,"47":2,"48":2,"49":0,"50":1},"f":{"0":1,"1":2,"2":0,"3":2,"4":0,"5":2,"6":0},"b":{"0":[0],"1":[0,0],"2":[0],"3":[0],"4":[0,0],"5":[0],"6":[0],"7":[0,0],"8":[0]}}
,"C:\\Users\\enzo.villanueva_prag\\Desktop\\user-microservice\\src\\core\\user\\application\\login.user.ts": {"path":"C:\\Users\\enzo.villanueva_prag\\Desktop\\user-microservice\\src\\core\\user\\application\\login.user.ts","statementMap":{"0":{"start":{"line":1,"column":0},"end":{"line":1,"column":40}},"1":{"start":{"line":2,"column":0},"end":{"line":2,"column":42}},"2":{"start":{"line":3,"column":0},"end":{"line":3,"column":30}},"3":{"start":{"line":15,"column":8},"end":{"line":17,"column":null}},"4":{"start":{"line":21,"column":8},"end":{"line":57,"column":null}},"5":{"start":{"line":23,"column":34},"end":{"line":26,"column":46}},"6":{"start":{"line":27,"column":12},"end":{"line":30,"column":null}},"7":{"start":{"line":28,"column":38},"end":{"line":28,"column":131}},"8":{"start":{"line":28,"column":67},"end":{"line":28,"column":123}},"9":{"start":{"line":29,"column":16},"end":{"line":29,"column":null}},"10":{"start":{"line":32,"column":30},"end":{"line":32,"column":92}},"11":{"start":{"line":33,"column":12},"end":{"line":35,"column":null}},"12":{"start":{"line":34,"column":16},"end":{"line":34,"column":null}},"13":{"start":{"line":37,"column":40},"end":{"line":37,"column":140}},"14":{"start":{"line":38,"column":12},"end":{"line":40,"column":null}},"15":{"start":{"line":39,"column":16},"end":{"line":39,"column":null}},"16":{"start":{"line":43,"column":29},"end":{"line":43,"column":103}},"17":{"start":{"line":44,"column":12},"end":{"line":46,"column":null}},"18":{"start":{"line":45,"column":16},"end":{"line":45,"column":null}},"19":{"start":{"line":48,"column":30},"end":{"line":51,"column":45}},"20":{"start":{"line":53,"column":12},"end":{"line":53,"column":null}},"21":{"start":{"line":56,"column":12},"end":{"line":56,"column":null}},"22":{"start":{"line":9,"column":0},"end":{"line":9,"column":21}}},"fnMap":{"0":{"name":"(anonymous_8)","decl":{"start":{"line":14,"column":4},"end":{"line":14,"column":16}},"loc":{"start":{"line":14,"column":188},"end":{"line":18,"column":5}}},"1":{"name":"(anonymous_9)","decl":{"start":{"line":20,"column":10},"end":{"line":20,"column":15}},"loc":{"start":{"line":20,"column":56},"end":{"line":58,"column":null}}},"2":{"name":"(anonymous_11)","decl":{"start":{"line":28,"column":56},"end":{"line":28,"column":57}},"loc":{"start":{"line":28,"column":67},"end":{"line":28,"column":123}}}},"branchMap":{"0":{"loc":{"start":{"line":27,"column":12},"end":{"line":30,"column":null}},"type":"if","locations":[{"start":{"line":27,"column":12},"end":{"line":30,"column":null}}]},"1":{"loc":{"start":{"line":28,"column":67},"end":{"line":28,"column":123}},"type":"cond-expr","locations":[{"start":{"line":28,"column":87},"end":{"line":28,"column":119}},{"start":{"line":28,"column":121},"end":{"line":28,"column":123}}]},"2":{"loc":{"start":{"line":33,"column":12},"end":{"line":35,"column":null}},"type":"if","locations":[{"start":{"line":33,"column":12},"end":{"line":35,"column":null}}]},"3":{"loc":{"start":{"line":38,"column":12},"end":{"line":40,"column":null}},"type":"if","locations":[{"start":{"line":38,"column":12},"end":{"line":40,"column":null}}]},"4":{"loc":{"start":{"line":44,"column":12},"end":{"line":46,"column":null}},"type":"if","locations":[{"start":{"line":44,"column":12},"end":{"line":46,"column":null}}]}},"s":{"0":1,"1":1,"2":1,"3":1,"4":3,"5":3,"6":3,"7":0,"8":0,"9":0,"10":3,"11":3,"12":1,"13":2,"14":2,"15":1,"16":1,"17":1,"18":0,"19":1,"20":1,"21":2,"22":1},"f":{"0":1,"1":3,"2":0},"b":{"0":[0],"1":[0,0],"2":[1],"3":[1],"4":[0]}}
,"C:\\Users\\enzo.villanueva_prag\\Desktop\\user-microservice\\src\\core\\user\\domain\\user.dto.ts": {"path":"C:\\Users\\enzo.villanueva_prag\\Desktop\\user-microservice\\src\\core\\user\\domain\\user.dto.ts","statementMap":{"0":{"start":{"line":1,"column":0},"end":{"line":1,"column":null}},"1":{"start":{"line":49,"column":8},"end":{"line":55,"column":null}},"2":{"start":{"line":14,"column":4},"end":{"line":14,"column":null}},"3":{"start":{"line":18,"column":4},"end":{"line":18,"column":null}},"4":{"start":{"line":22,"column":4},"end":{"line":22,"column":null}},"5":{"start":{"line":28,"column":4},"end":{"line":28,"column":null}},"6":{"start":{"line":36,"column":4},"end":{"line":36,"column":null}},"7":{"start":{"line":42,"column":4},"end":{"line":42,"column":null}},"8":{"start":{"line":46,"column":4},"end":{"line":46,"column":null}},"9":{"start":{"line":10,"column":0},"end":{"line":10,"column":21}}},"fnMap":{"0":{"name":"(anonymous_1)","decl":{"start":{"line":48,"column":4},"end":{"line":48,"column":16}},"loc":{"start":{"line":48,"column":251},"end":{"line":56,"column":5}}}},"branchMap":{},"s":{"0":1,"1":9,"2":1,"3":1,"4":1,"5":1,"6":1,"7":1,"8":1,"9":1},"f":{"0":9},"b":{}}
,"C:\\Users\\enzo.villanueva_prag\\Desktop\\user-microservice\\src\\core\\user\\domain\\user.model.ts": {"path":"C:\\Users\\enzo.villanueva_prag\\Desktop\\user-microservice\\src\\core\\user\\domain\\user.model.ts","statementMap":{"0":{"start":{"line":13,"column":8},"end":{"line":20,"column":null}},"1":{"start":{"line":2,"column":0},"end":{"line":2,"column":21}}},"fnMap":{"0":{"name":"(anonymous_0)","decl":{"start":{"line":12,"column":4},"end":{"line":12,"column":16}},"loc":{"start":{"line":12,"column":263},"end":{"line":21,"column":5}}}},"branchMap":{},"s":{"0":6,"1":1},"f":{"0":6},"b":{}}
,"C:\\Users\\enzo.villanueva_prag\\Desktop\\user-microservice\\src\\core\\user\\infraestructure\\bcrypt\\user.bcrypt.repository.ts": {"path":"C:\\Users\\enzo.villanueva_prag\\Desktop\\user-microservice\\src\\core\\user\\infraestructure\\bcrypt\\user.bcrypt.repository.ts","statementMap":{"0":{"start":{"line":2,"column":0},"end":{"line":2,"column":27}},"1":{"start":{"line":7,"column":8},"end":{"line":14,"column":null}},"2":{"start":{"line":9,"column":42},"end":{"line":9,"column":77}},"3":{"start":{"line":10,"column":12},"end":{"line":10,"column":null}},"4":{"start":{"line":13,"column":12},"end":{"line":13,"column":null}},"5":{"start":{"line":18,"column":8},"end":{"line":25,"column":null}},"6":{"start":{"line":20,"column":38},"end":{"line":20,"column":89}},"7":{"start":{"line":21,"column":12},"end":{"line":21,"column":null}},"8":{"start":{"line":24,"column":12},"end":{"line":24,"column":null}},"9":{"start":{"line":4,"column":0},"end":{"line":4,"column":21}}},"fnMap":{"0":{"name":"(anonymous_8)","decl":{"start":{"line":6,"column":10},"end":{"line":6,"column":30}},"loc":{"start":{"line":6,"column":52},"end":{"line":15,"column":null}}},"1":{"name":"(anonymous_10)","decl":{"start":{"line":17,"column":10},"end":{"line":17,"column":29}},"loc":{"start":{"line":17,"column":76},"end":{"line":26,"column":null}}}},"branchMap":{},"s":{"0":1,"1":6,"2":6,"3":6,"4":0,"5":2,"6":2,"7":2,"8":0,"9":1},"f":{"0":6,"1":2},"b":{}}
,"C:\\Users\\enzo.villanueva_prag\\Desktop\\user-microservice\\src\\core\\user\\infraestructure\\prisma\\user.prisma.repository.ts": {"path":"C:\\Users\\enzo.villanueva_prag\\Desktop\\user-microservice\\src\\core\\user\\infraestructure\\prisma\\user.prisma.repository.ts","statementMap":{"0":{"start":{"line":1,"column":0},"end":{"line":1,"column":63}},"1":{"start":{"line":8,"column":8},"end":{"line":26,"column":null}},"2":{"start":{"line":9,"column":30},"end":{"line":20,"column":14}},"3":{"start":{"line":22,"column":12},"end":{"line":22,"column":null}},"4":{"start":{"line":25,"column":12},"end":{"line":25,"column":null}},"5":{"start":{"line":30,"column":8},"end":{"line":41,"column":null}},"6":{"start":{"line":31,"column":30},"end":{"line":35,"column":14}},"7":{"start":{"line":37,"column":12},"end":{"line":37,"column":null}},"8":{"start":{"line":40,"column":12},"end":{"line":40,"column":null}},"9":{"start":{"line":5,"column":0},"end":{"line":5,"column":21}}},"fnMap":{"0":{"name":"(anonymous_8)","decl":{"start":{"line":7,"column":10},"end":{"line":7,"column":20}},"loc":{"start":{"line":7,"column":32},"end":{"line":27,"column":null}}},"1":{"name":"(anonymous_10)","decl":{"start":{"line":29,"column":10},"end":{"line":29,"column":24}},"loc":{"start":{"line":29,"column":43},"end":{"line":42,"column":null}}}},"branchMap":{},"s":{"0":1,"1":6,"2":6,"3":6,"4":0,"5":3,"6":3,"7":3,"8":0,"9":1},"f":{"0":6,"1":3},"b":{}}
,"C:\\Users\\enzo.villanueva_prag\\Desktop\\user-microservice\\src\\core\\user\\infraestructure\\services\\restaurant.service.repository.ts": {"path":"C:\\Users\\enzo.villanueva_prag\\Desktop\\user-microservice\\src\\core\\user\\infraestructure\\services\\restaurant.service.repository.ts","statementMap":{"0":{"start":{"line":1,"column":0},"end":{"line":1,"column":25}},"1":{"start":{"line":4,"column":19},"end":{"line":4,"column":42}},"2":{"start":{"line":9,"column":8},"end":{"line":21,"column":null}},"3":{"start":{"line":10,"column":29},"end":{"line":13,"column":14}},"4":{"start":{"line":15,"column":44},"end":{"line":15,"column":57}},"5":{"start":{"line":17,"column":12},"end":{"line":17,"column":null}},"6":{"start":{"line":20,"column":12},"end":{"line":20,"column":null}},"7":{"start":{"line":6,"column":0},"end":{"line":6,"column":21}}},"fnMap":{"0":{"name":"(anonymous_8)","decl":{"start":{"line":8,"column":10},"end":{"line":8,"column":31}},"loc":{"start":{"line":8,"column":69},"end":{"line":22,"column":null}}}},"branchMap":{},"s":{"0":1,"1":1,"2":2,"3":2,"4":2,"5":2,"6":0,"7":1},"f":{"0":2},"b":{}}
,"C:\\Users\\enzo.villanueva_prag\\Desktop\\user-microservice\\src\\core\\user\\infraestructure\\uuid\\user.uuid.repository.ts": {"path":"C:\\Users\\enzo.villanueva_prag\\Desktop\\user-microservice\\src\\core\\user\\infraestructure\\uuid\\user.uuid.repository.ts","statementMap":{"0":{"start":{"line":2,"column":0},"end":{"line":2,"column":33}},"1":{"start":{"line":7,"column":8},"end":{"line":13,"column":null}},"2":{"start":{"line":9,"column":12},"end":{"line":9,"column":null}},"3":{"start":{"line":12,"column":12},"end":{"line":12,"column":null}},"4":{"start":{"line":4,"column":0},"end":{"line":4,"column":21}}},"fnMap":{"0":{"name":"(anonymous_0)","decl":{"start":{"line":6,"column":4},"end":{"line":6,"column":18}},"loc":{"start":{"line":6,"column":18},"end":{"line":14,"column":5}}}},"branchMap":{},"s":{"0":1,"1":6,"2":6,"3":0,"4":1},"f":{"0":6},"b":{}}
,"C:\\Users\\enzo.villanueva_prag\\Desktop\\user-microservice\\src\\docs\\role.docs.ts": {"path":"C:\\Users\\enzo.villanueva_prag\\Desktop\\user-microservice\\src\\docs\\role.docs.ts","statementMap":{"0":{"start":{"line":2,"column":15},"end":{"line":11,"column":null}},"1":{"start":{"line":13,"column":17},"end":{"line":22,"column":null}},"2":{"start":{"line":25,"column":15},"end":{"line":34,"column":null}},"3":{"start":{"line":37,"column":24},"end":{"line":56,"column":null}},"4":{"start":{"line":227,"column":54},"end":{"line":227,"column":69}},"5":{"start":{"line":59,"column":28},"end":{"line":78,"column":null}},"6":{"start":{"line":227,"column":8},"end":{"line":227,"column":27}},"7":{"start":{"line":81,"column":28},"end":{"line":100,"column":null}},"8":{"start":{"line":227,"column":71},"end":{"line":227,"column":90}},"9":{"start":{"line":103,"column":19},"end":{"line":143,"column":null}},"10":{"start":{"line":227,"column":92},"end":{"line":227,"column":102}},"11":{"start":{"line":147,"column":32},"end":{"line":169,"column":null}},"12":{"start":{"line":227,"column":29},"end":{"line":227,"column":52}},"13":{"start":{"line":173,"column":36},"end":{"line":195,"column":null}},"14":{"start":{"line":227,"column":125},"end":{"line":227,"column":152}},"15":{"start":{"line":198,"column":28},"end":{"line":224,"column":null}},"16":{"start":{"line":227,"column":104},"end":{"line":227,"column":123}}},"fnMap":{},"branchMap":{},"s":{"0":1,"1":1,"2":1,"3":1,"4":1,"5":1,"6":1,"7":1,"8":1,"9":1,"10":1,"11":1,"12":1,"13":1,"14":1,"15":1,"16":1},"f":{},"b":{}}
,"C:\\Users\\enzo.villanueva_prag\\Desktop\\user-microservice\\src\\docs\\swagger.ts": {"path":"C:\\Users\\enzo.villanueva_prag\\Desktop\\user-microservice\\src\\docs\\swagger.ts","statementMap":{"0":{"start":{"line":1,"column":0},"end":{"line":1,"column":72}},"1":{"start":{"line":2,"column":0},"end":{"line":2,"column":null}},"2":{"start":{"line":14,"column":0},"end":{"line":14,"column":null}},"3":{"start":{"line":23,"column":42},"end":{"line":85,"column":null}},"4":{"start":{"line":87,"column":36},"end":{"line":90,"column":null}},"5":{"start":{"line":92,"column":0},"end":{"line":92,"column":null}}},"fnMap":{},"branchMap":{},"s":{"0":1,"1":1,"2":1,"3":1,"4":1,"5":1},"f":{},"b":{}}
,"C:\\Users\\enzo.villanueva_prag\\Desktop\\user-microservice\\src\\docs\\users.docs.ts": {"path":"C:\\Users\\enzo.villanueva_prag\\Desktop\\user-microservice\\src\\docs\\users.docs.ts","statementMap":{"0":{"start":{"line":3,"column":20},"end":{"line":72,"column":null}},"1":{"start":{"line":403,"column":52},"end":{"line":403,"column":63}},"2":{"start":{"line":75,"column":23},"end":{"line":150,"column":null}},"3":{"start":{"line":403,"column":86},"end":{"line":403,"column":100}},"4":{"start":{"line":153,"column":21},"end":{"line":217,"column":null}},"5":{"start":{"line":403,"column":156},"end":{"line":403,"column":168}},"6":{"start":{"line":220,"column":18},"end":{"line":260,"column":null}},"7":{"start":{"line":403,"column":126},"end":{"line":403,"column":135}},"8":{"start":{"line":264,"column":28},"end":{"line":269,"column":null}},"9":{"start":{"line":403,"column":8},"end":{"line":403,"column":27}},"10":{"start":{"line":271,"column":31},"end":{"line":276,"column":null}},"11":{"start":{"line":403,"column":28},"end":{"line":403,"column":50}},"12":{"start":{"line":278,"column":28},"end":{"line":309,"column":null}},"13":{"start":{"line":403,"column":65},"end":{"line":403,"column":84}},"14":{"start":{"line":311,"column":31},"end":{"line":342,"column":null}},"15":{"start":{"line":403,"column":102},"end":{"line":403,"column":124}},"16":{"start":{"line":344,"column":29},"end":{"line":375,"column":null}},"17":{"start":{"line":403,"column":170},"end":{"line":403,"column":190}},"18":{"start":{"line":377,"column":26},"end":{"line":399,"column":null}},"19":{"start":{"line":403,"column":137},"end":{"line":403,"column":154}}},"fnMap":{},"branchMap":{},"s":{"0":1,"1":1,"2":1,"3":1,"4":1,"5":1,"6":1,"7":1,"8":1,"9":1,"10":1,"11":1,"12":1,"13":1,"14":1,"15":1,"16":1,"17":1,"18":1,"19":1},"f":{},"b":{}}
,"C:\\Users\\enzo.villanueva_prag\\Desktop\\user-microservice\\src\\middlewares\\verify.user.role.ts": {"path":"C:\\Users\\enzo.villanueva_prag\\Desktop\\user-microservice\\src\\middlewares\\verify.user.role.ts","statementMap":{"0":{"start":{"line":2,"column":0},"end":{"line":2,"column":30}},"1":{"start":{"line":4,"column":30},"end":{"line":39,"column":1}},"2":{"start":{"line":5,"column":4},"end":{"line":38,"column":null}},"3":{"start":{"line":7,"column":27},"end":{"line":7,"column":78}},"4":{"start":{"line":9,"column":8},"end":{"line":13,"column":null}},"5":{"start":{"line":10,"column":12},"end":{"line":12,"column":null}},"6":{"start":{"line":15,"column":8},"end":{"line":37,"column":null}},"7":{"start":{"line":16,"column":68},"end":{"line":16,"column":121}},"8":{"start":{"line":18,"column":12},"end":{"line":28,"column":null}},"9":{"start":{"line":19,"column":16},"end":{"line":27,"column":null}},"10":{"start":{"line":20,"column":20},"end":{"line":22,"column":null}},"11":{"start":{"line":24,"column":20},"end":{"line":26,"column":null}},"12":{"start":{"line":30,"column":12},"end":{"line":30,"column":null}},"13":{"start":{"line":34,"column":12},"end":{"line":36,"column":null}},"14":{"start":{"line":4,"column":13},"end":{"line":4,"column":30}}},"fnMap":{"0":{"name":"(anonymous_1)","decl":{"start":{"line":4,"column":30},"end":{"line":4,"column":31}},"loc":{"start":{"line":4,"column":51},"end":{"line":39,"column":1}}},"1":{"name":"(anonymous_2)","decl":{"start":{"line":5,"column":11},"end":{"line":5,"column":12}},"loc":{"start":{"line":5,"column":63},"end":{"line":38,"column":5}}}},"branchMap":{"0":{"loc":{"start":{"line":7,"column":27},"end":{"line":7,"column":78}},"type":"cond-expr","locations":[{"start":{"line":7,"column":54},"end":{"line":7,"column":56}},{"start":{"line":7,"column":54},"end":{"line":7,"column":78}}]},"1":{"loc":{"start":{"line":7,"column":27},"end":{"line":7,"column":56}},"type":"binary-expr","locations":[{"start":{"line":7,"column":27},"end":{"line":7,"column":56}},{"start":{"line":7,"column":54},"end":{"line":7,"column":56}}]},"2":{"loc":{"start":{"line":9,"column":8},"end":{"line":13,"column":null}},"type":"if","locations":[{"start":{"line":9,"column":8},"end":{"line":13,"column":null}}]},"3":{"loc":{"start":{"line":18,"column":12},"end":{"line":28,"column":null}},"type":"if","locations":[{"start":{"line":18,"column":12},"end":{"line":28,"column":null}}]},"4":{"loc":{"start":{"line":19,"column":16},"end":{"line":27,"column":null}},"type":"if","locations":[{"start":{"line":19,"column":16},"end":{"line":27,"column":null}},{"start":{"line":23,"column":21},"end":{"line":27,"column":null}}]}},"s":{"0":1,"1":1,"2":2,"3":10,"4":10,"5":2,"6":8,"7":8,"8":6,"9":2,"10":1,"11":1,"12":4,"13":2,"14":1},"f":{"0":2,"1":10},"b":{"0":[2,8],"1":[10,10],"2":[2],"3":[2],"4":[1,1]}}
,"C:\\Users\\enzo.villanueva_prag\\Desktop\\user-microservice\\src\\routes\\role.routes.ts": {"path":"C:\\Users\\enzo.villanueva_prag\\Desktop\\user-microservice\\src\\routes\\role.routes.ts","statementMap":{"0":{"start":{"line":1,"column":0},"end":{"line":1,"column":32}},"1":{"start":{"line":2,"column":0},"end":{"line":2,"column":113}},"2":{"start":{"line":4,"column":19},"end":{"line":4,"column":27}},"3":{"start":{"line":6,"column":0},"end":{"line":10,"column":null}},"4":{"start":{"line":12,"column":0},"end":{"line":12,"column":null}}},"fnMap":{},"branchMap":{},"s":{"0":1,"1":1,"2":1,"3":1,"4":1},"f":{},"b":{}}
,"C:\\Users\\enzo.villanueva_prag\\Desktop\\user-microservice\\src\\routes\\user.routes.ts": {"path":"C:\\Users\\enzo.villanueva_prag\\Desktop\\user-microservice\\src\\routes\\user.routes.ts","statementMap":{"0":{"start":{"line":1,"column":0},"end":{"line":1,"column":32}},"1":{"start":{"line":2,"column":0},"end":{"line":2,"column":106}},"2":{"start":{"line":3,"column":0},"end":{"line":3,"column":65}},"3":{"start":{"line":5,"column":19},"end":{"line":5,"column":27}},"4":{"start":{"line":7,"column":0},"end":{"line":11,"column":null}},"5":{"start":{"line":13,"column":0},"end":{"line":13,"column":null}}},"fnMap":{},"branchMap":{},"s":{"0":1,"1":1,"2":1,"3":1,"4":1,"5":1},"f":{},"b":{}}
}
