TN:
SF:src/connections/prisma.connection.ts
FNF:0
FNH:0
DA:1,8
DA:3,8
DA:5,8
LF:3
LH:3
BRF:0
BRH:0
end_of_record
TN:
SF:src/core/role/application/get.role.id.by.role.name.ts
FN:6,(anonymous_7)
FN:10,(anonymous_8)
FNF:2
FNH:2
FNDA:3,(anonymous_7)
FNDA:3,(anonymous_8)
DA:3,1
DA:7,3
DA:11,3
DA:12,3
DA:14,2
DA:15,1
DA:18,1
DA:21,2
LF:8
LH:8
BRDA:14,0,0,1
BRF:1
BRH:1
end_of_record
TN:
SF:src/core/role/application/get.role.name.by.role.id.ts
FN:6,(anonymous_7)
FN:10,(anonymous_8)
FNF:2
FNH:2
FNDA:3,(anonymous_7)
FNDA:3,(anonymous_8)
DA:3,1
DA:7,3
DA:11,3
DA:12,3
DA:14,2
DA:15,1
DA:18,1
DA:21,2
LF:8
LH:8
BRDA:14,0,0,1
BRF:1
BRH:1
end_of_record
TN:
SF:src/core/role/application/get.role.name.by.user.id.ts
FN:6,(anonymous_7)
FN:10,(anonymous_8)
FNF:2
FNH:2
FNDA:3,(anonymous_7)
FNDA:3,(anonymous_8)
DA:3,1
DA:7,3
DA:11,3
DA:12,3
DA:14,2
DA:15,1
DA:18,1
DA:21,2
LF:8
LH:8
BRDA:14,0,0,1
BRF:1
BRH:1
end_of_record
TN:
SF:src/core/role/application/insert.role.ts
FN:12,(anonymous_8)
FN:17,(anonymous_9)
FN:24,(anonymous_11)
FNF:3
FNH:3
FNDA:5,(anonymous_8)
FNDA:5,(anonymous_9)
FNDA:2,(anonymous_11)
DA:1,1
DA:2,1
DA:3,1
DA:8,1
DA:13,5
DA:18,5
DA:19,5
DA:23,5
DA:24,2
DA:25,2
DA:28,3
DA:30,2
DA:35,2
DA:36,1
DA:39,4
LF:15
LH:15
BRDA:23,0,0,2
BRDA:24,1,0,2
BRDA:24,1,1,0
BRF:3
BRH:2
end_of_record
TN:
SF:src/core/role/domain/role.dto.ts
FN:15,(anonymous_1)
FNF:1
FNH:1
FNDA:10,(anonymous_1)
DA:1,2
DA:5,2
DA:9,2
DA:13,2
DA:16,10
LF:5
LH:5
BRF:0
BRH:0
end_of_record
TN:
SF:src/core/role/domain/role.model.ts
FN:7,(anonymous_0)
FNF:1
FNH:1
FNDA:3,(anonymous_0)
DA:2,2
DA:8,3
LF:2
LH:2
BRF:0
BRH:0
end_of_record
TN:
SF:src/core/role/infraestructure/prisma/role.prisma.repository.ts
FN:7,(anonymous_8)
FN:24,(anonymous_10)
FN:44,(anonymous_12)
FN:64,(anonymous_14)
FNF:4
FNH:4
FNDA:2,(anonymous_8)
FNDA:3,(anonymous_10)
FNDA:3,(anonymous_12)
FNDA:2,(anonymous_14)
DA:1,7
DA:5,7
DA:8,2
DA:9,2
DA:17,1
DA:20,1
DA:25,3
DA:26,3
DA:35,2
DA:37,1
DA:40,1
DA:45,3
DA:46,3
DA:55,2
DA:57,1
DA:60,1
DA:65,2
DA:66,2
DA:76,1
DA:79,1
LF:20
LH:20
BRDA:35,0,0,1
BRDA:55,1,0,1
BRF:2
BRH:2
end_of_record
TN:
SF:src/core/role/infraestructure/uuid/role.uuid.repository.ts
FN:6,(anonymous_0)
FNF:1
FNH:1
FNDA:1,(anonymous_0)
DA:2,2
DA:4,2
DA:7,1
DA:9,1
DA:12,0
LF:5
LH:4
BRF:0
BRH:0
end_of_record
TN:
SF:src/core/user/application/insert.user.ts
FN:18,(anonymous_8)
FN:26,(anonymous_9)
FN:38,(anonymous_11)
FN:67,(anonymous_12)
FN:79,(anonymous_14)
FNF:5
FNH:5
FNDA:14,(anonymous_8)
FNDA:10,(anonymous_9)
FNDA:6,(anonymous_11)
FNDA:4,(anonymous_12)
FNDA:5,(anonymous_14)
DA:1,1
DA:2,1
DA:3,1
DA:11,1
DA:19,14
DA:27,10
DA:29,10
DA:37,10
DA:38,6
DA:39,2
DA:42,8
DA:43,7
DA:44,6
DA:45,5
DA:46,2
DA:49,3
DA:59,3
DA:60,2
DA:63,8
DA:68,4
DA:69,4
DA:78,4
DA:79,5
DA:80,1
DA:83,3
DA:84,3
DA:85,3
DA:86,3
DA:87,1
DA:90,2
DA:100,2
DA:103,2
DA:104,1
DA:106,1
DA:109,3
LF:35
LH:35
BRDA:37,0,0,2
BRDA:38,1,0,6
BRDA:38,1,1,0
BRDA:45,2,0,2
BRDA:78,3,0,1
BRDA:79,4,0,5
BRDA:79,4,1,0
BRDA:86,5,0,1
BRF:8
BRH:6
end_of_record
TN:
SF:src/core/user/application/login.user.ts
FN:14,(anonymous_8)
FN:20,(anonymous_9)
FN:28,(anonymous_11)
FNF:3
FNH:3
FNDA:8,(anonymous_8)
FNDA:8,(anonymous_9)
FNDA:4,(anonymous_11)
DA:1,1
DA:2,1
DA:3,1
DA:9,1
DA:15,8
DA:21,8
DA:23,8
DA:27,8
DA:28,4
DA:29,2
DA:32,6
DA:33,5
DA:34,1
DA:37,4
DA:38,3
DA:39,1
DA:43,2
DA:44,2
DA:45,1
DA:48,1
DA:53,1
DA:56,7
LF:22
LH:22
BRDA:27,0,0,2
BRDA:28,1,0,4
BRDA:28,1,1,0
BRDA:33,2,0,1
BRDA:38,3,0,1
BRDA:44,4,0,1
BRF:6
BRH:5
end_of_record
TN:
SF:src/core/user/domain/user.dto.ts
FN:48,(anonymous_1)
FNF:1
FNH:1
FNDA:34,(anonymous_1)
DA:1,3
DA:10,3
DA:14,3
DA:18,3
DA:22,3
DA:28,3
DA:36,3
DA:42,3
DA:46,3
DA:49,34
LF:10
LH:10
BRF:0
BRH:0
end_of_record
TN:
SF:src/core/user/domain/user.model.ts
FN:12,(anonymous_0)
FNF:1
FNH:1
FNDA:6,(anonymous_0)
DA:2,2
DA:13,6
LF:2
LH:2
BRF:0
BRH:0
end_of_record
TN:
SF:src/core/user/infraestructure/bcrypt/user.bcrypt.repository.ts
FN:6,(anonymous_8)
FN:21,(anonymous_10)
FNF:2
FNH:2
FNDA:3,(anonymous_8)
FNDA:1,(anonymous_10)
DA:2,4
DA:4,4
DA:7,3
DA:8,3
DA:9,1
DA:13,2
DA:14,1
DA:17,2
DA:22,1
DA:24,1
DA:25,1
DA:28,0
LF:12
LH:11
BRDA:8,0,0,1
BRF:1
BRH:1
end_of_record
TN:
SF:src/core/user/infraestructure/prisma/user.prisma.repository.ts
FN:7,(anonymous_8)
FN:29,(anonymous_10)
FNF:2
FNH:2
FNDA:2,(anonymous_8)
FNDA:2,(anonymous_10)
DA:1,3
DA:5,3
DA:8,2
DA:9,2
DA:22,1
DA:25,1
DA:30,2
DA:31,2
DA:37,1
DA:40,1
LF:10
LH:10
BRF:0
BRH:0
end_of_record
TN:
SF:src/core/user/infraestructure/services/restaurant.service.repository.ts
FN:6,(anonymous_8)
FNF:1
FNH:1
FNDA:2,(anonymous_8)
DA:1,2
DA:4,2
DA:7,2
DA:8,2
DA:13,1
DA:16,1
LF:6
LH:6
BRF:0
BRH:0
end_of_record
TN:
SF:src/core/user/infraestructure/uuid/user.uuid.repository.ts
FN:6,(anonymous_0)
FNF:1
FNH:1
FNDA:1,(anonymous_0)
DA:2,2
DA:4,2
DA:7,1
DA:9,1
DA:12,0
LF:5
LH:4
BRF:0
BRH:0
end_of_record
TN:
SF:src/middlewares/verify.user.role.ts
FN:4,(anonymous_1)
FN:5,(anonymous_2)
FNF:2
FNH:2
FNDA:4,(anonymous_1)
FNDA:4,(anonymous_2)
DA:2,1
DA:4,1
DA:5,4
DA:7,4
DA:9,4
DA:10,1
DA:15,3
DA:16,3
DA:18,2
DA:19,1
DA:20,1
DA:24,0
DA:30,1
DA:34,1
LF:14
LH:13
BRDA:7,0,0,1
BRDA:7,0,1,3
BRDA:7,1,0,4
BRDA:7,1,1,3
BRDA:9,2,0,1
BRDA:18,3,0,1
BRDA:19,4,0,1
BRDA:19,4,1,0
BRF:8
BRH:7
end_of_record
TN:
SF:tests/helpers/user.dto.helper.ts
FNF:0
FNH:0
DA:2,1
DA:72,1
LF:2
LH:2
BRF:0
BRH:0
end_of_record
