TN:
SF:src\index.ts
FN:15,(anonymous_1)
FN:26,(anonymous_2)
FN:27,(anonymous_3)
FN:29,(anonymous_4)
FNF:4
FNH:2
FNDA:0,(anonymous_1)
FNDA:1,(anonymous_2)
FNDA:0,(anonymous_3)
FNDA:1,(anonymous_4)
DA:1,1
DA:2,1
DA:3,1
DA:4,1
DA:5,1
DA:6,1
DA:7,1
DA:9,1
DA:11,1
DA:12,1
DA:13,1
DA:15,1
DA:16,0
DA:21,1
DA:22,1
DA:23,1
DA:25,1
DA:26,1
DA:27,0
DA:29,1
DA:30,1
DA:33,1
LF:22
LH:20
BRDA:11,0,0,1
BRDA:11,0,1,1
BRF:2
BRH:2
end_of_record
TN:
SF:src\connections\prisma.connection.ts
FNF:0
FNH:0
DA:1,1
DA:3,1
DA:5,1
LF:3
LH:3
BRF:0
BRH:0
end_of_record
TN:
SF:src\controllers\role.controller.ts
FN:16,(anonymous_8)
FN:16,(anonymous_9)
FN:34,(anonymous_10)
FN:34,(anonymous_11)
FN:54,(anonymous_12)
FN:54,(anonymous_13)
FN:72,(anonymous_14)
FN:72,(anonymous_15)
FNF:8
FNH:0
FNDA:0,(anonymous_8)
FNDA:0,(anonymous_9)
FNDA:0,(anonymous_10)
FNDA:0,(anonymous_11)
FNDA:0,(anonymous_12)
FNDA:0,(anonymous_13)
FNDA:0,(anonymous_14)
FNDA:0,(anonymous_15)
DA:3,1
DA:4,1
DA:5,1
DA:6,1
DA:8,1
DA:9,1
DA:11,1
DA:12,1
DA:13,1
DA:14,1
DA:16,1
DA:17,0
DA:19,0
DA:20,0
DA:21,0
DA:27,0
DA:34,1
DA:35,0
DA:37,0
DA:38,0
DA:40,0
DA:47,0
DA:54,1
DA:55,0
DA:57,0
DA:58,0
DA:59,0
DA:65,0
DA:72,1
DA:73,0
DA:75,0
DA:76,0
DA:78,0
DA:85,0
LF:34
LH:14
BRF:0
BRH:0
end_of_record
TN:
SF:src\controllers\user.controller.ts
FN:14,(anonymous_8)
FN:14,(anonymous_9)
FN:44,(anonymous_10)
FN:44,(anonymous_11)
FN:74,(anonymous_12)
FN:74,(anonymous_13)
FN:103,(anonymous_14)
FN:103,(anonymous_15)
FNF:8
FNH:8
FNDA:2,(anonymous_8)
FNDA:2,(anonymous_9)
FNDA:2,(anonymous_10)
FNDA:2,(anonymous_11)
FNDA:2,(anonymous_12)
FNDA:2,(anonymous_13)
FNDA:3,(anonymous_14)
FNDA:3,(anonymous_15)
DA:2,1
DA:3,1
DA:5,1
DA:6,1
DA:7,1
DA:8,1
DA:9,1
DA:11,1
DA:12,1
DA:14,2
DA:15,2
DA:17,2
DA:18,2
DA:20,2
DA:36,0
DA:44,2
DA:45,2
DA:47,2
DA:48,2
DA:50,2
DA:66,0
DA:74,2
DA:75,2
DA:77,2
DA:78,2
DA:80,2
DA:96,0
DA:103,3
DA:104,3
DA:106,3
DA:107,3
DA:109,1
DA:117,2
LF:33
LH:30
BRDA:24,0,0,0
BRDA:24,0,1,2
BRDA:24,1,0,2
BRDA:24,1,1,2
BRDA:25,2,0,0
BRDA:25,2,1,2
BRDA:25,3,0,2
BRDA:25,3,1,2
BRDA:26,4,0,0
BRDA:26,4,1,2
BRDA:26,5,0,2
BRDA:26,5,1,2
BRDA:27,6,0,0
BRDA:27,6,1,2
BRDA:27,7,0,2
BRDA:27,7,1,2
BRDA:28,8,0,0
BRDA:28,8,1,2
BRDA:28,9,0,2
BRDA:28,9,1,2
BRDA:29,10,0,0
BRDA:29,10,1,2
BRDA:29,11,0,2
BRDA:29,11,1,2
BRDA:30,12,0,0
BRDA:30,12,1,2
BRDA:30,13,0,2
BRDA:30,13,1,2
BRDA:31,14,0,0
BRDA:31,14,1,2
BRDA:31,15,0,2
BRDA:31,15,1,2
BRDA:54,16,0,0
BRDA:54,16,1,2
BRDA:54,17,0,2
BRDA:54,17,1,2
BRDA:55,18,0,0
BRDA:55,18,1,2
BRDA:55,19,0,2
BRDA:55,19,1,2
BRDA:56,20,0,0
BRDA:56,20,1,2
BRDA:56,21,0,2
BRDA:56,21,1,2
BRDA:57,22,0,0
BRDA:57,22,1,2
BRDA:57,23,0,2
BRDA:57,23,1,2
BRDA:58,24,0,0
BRDA:58,24,1,2
BRDA:58,25,0,2
BRDA:58,25,1,2
BRDA:59,26,0,0
BRDA:59,26,1,2
BRDA:59,27,0,2
BRDA:59,27,1,2
BRDA:60,28,0,0
BRDA:60,28,1,2
BRDA:60,29,0,2
BRDA:60,29,1,2
BRDA:61,30,0,0
BRDA:61,30,1,2
BRDA:61,31,0,2
BRDA:61,31,1,2
BRDA:84,32,0,0
BRDA:84,32,1,2
BRDA:84,33,0,2
BRDA:84,33,1,2
BRDA:85,34,0,0
BRDA:85,34,1,2
BRDA:85,35,0,2
BRDA:85,35,1,2
BRDA:86,36,0,0
BRDA:86,36,1,2
BRDA:86,37,0,2
BRDA:86,37,1,2
BRDA:87,38,0,0
BRDA:87,38,1,2
BRDA:87,39,0,2
BRDA:87,39,1,2
BRDA:88,40,0,0
BRDA:88,40,1,2
BRDA:88,41,0,2
BRDA:88,41,1,2
BRDA:89,42,0,0
BRDA:89,42,1,2
BRDA:89,43,0,2
BRDA:89,43,1,2
BRDA:90,44,0,0
BRDA:90,44,1,2
BRDA:90,45,0,2
BRDA:90,45,1,2
BRDA:91,46,0,0
BRDA:91,46,1,2
BRDA:91,47,0,2
BRDA:91,47,1,2
BRF:96
BRH:72
end_of_record
TN:
SF:src\core\role\application\get.role.id.by.role.name.ts
FN:6,(anonymous_7)
FN:10,(anonymous_8)
FNF:2
FNH:1
FNDA:1,(anonymous_7)
FNDA:0,(anonymous_8)
DA:3,1
DA:7,1
DA:11,0
DA:12,0
DA:14,0
DA:15,0
DA:18,0
DA:21,0
LF:8
LH:2
BRDA:14,0,0,0
BRF:1
BRH:0
end_of_record
TN:
SF:src\core\role\application\get.role.name.by.role.id.ts
FN:6,(anonymous_7)
FN:10,(anonymous_8)
FNF:2
FNH:1
FNDA:1,(anonymous_7)
FNDA:0,(anonymous_8)
DA:3,1
DA:7,1
DA:11,0
DA:12,0
DA:14,0
DA:15,0
DA:18,0
DA:21,0
LF:8
LH:2
BRDA:14,0,0,0
BRF:1
BRH:0
end_of_record
TN:
SF:src\core\role\application\get.role.name.by.user.id.ts
FN:6,(anonymous_7)
FN:10,(anonymous_8)
FNF:2
FNH:1
FNDA:1,(anonymous_7)
FNDA:0,(anonymous_8)
DA:3,1
DA:7,1
DA:11,0
DA:12,0
DA:14,0
DA:15,0
DA:18,0
DA:21,0
LF:8
LH:2
BRDA:14,0,0,0
BRF:1
BRH:0
end_of_record
TN:
SF:src\core\role\application\insert.role.ts
FN:12,(anonymous_8)
FN:17,(anonymous_9)
FN:24,(anonymous_11)
FNF:3
FNH:1
FNDA:1,(anonymous_8)
FNDA:0,(anonymous_9)
FNDA:0,(anonymous_11)
DA:1,1
DA:2,1
DA:3,1
DA:8,1
DA:13,1
DA:18,0
DA:19,0
DA:23,0
DA:24,0
DA:25,0
DA:28,0
DA:30,0
DA:35,0
DA:36,0
DA:39,0
LF:15
LH:5
BRDA:23,0,0,0
BRDA:24,1,0,0
BRDA:24,1,1,0
BRF:3
BRH:0
end_of_record
TN:
SF:src\core\role\domain\role.dto.ts
FN:15,(anonymous_1)
FNF:1
FNH:0
FNDA:0,(anonymous_1)
DA:1,1
DA:5,1
DA:9,1
DA:13,1
DA:16,0
LF:5
LH:4
BRF:0
BRH:0
end_of_record
TN:
SF:src\core\role\domain\role.model.ts
FN:7,(anonymous_0)
FNF:1
FNH:0
FNDA:0,(anonymous_0)
DA:2,1
DA:8,0
LF:2
LH:1
BRF:0
BRH:0
end_of_record
TN:
SF:src\core\role\infraestructure\prisma\role.prisma.repository.ts
FN:7,(anonymous_8)
FN:24,(anonymous_10)
FN:44,(anonymous_12)
FN:64,(anonymous_14)
FNF:4
FNH:2
FNDA:0,(anonymous_8)
FNDA:6,(anonymous_10)
FNDA:1,(anonymous_12)
FNDA:0,(anonymous_14)
DA:1,1
DA:5,1
DA:8,0
DA:9,0
DA:17,0
DA:20,0
DA:25,6
DA:26,6
DA:35,6
DA:37,6
DA:40,0
DA:45,1
DA:46,1
DA:55,1
DA:57,1
DA:60,0
DA:65,0
DA:66,0
DA:76,0
DA:79,0
LF:20
LH:10
BRDA:35,0,0,0
BRDA:55,1,0,0
BRF:2
BRH:0
end_of_record
TN:
SF:src\core\role\infraestructure\uuid\role.uuid.repository.ts
FN:6,(anonymous_0)
FNF:1
FNH:0
FNDA:0,(anonymous_0)
DA:2,1
DA:4,1
DA:7,0
DA:9,0
DA:12,0
LF:5
LH:2
BRF:0
BRH:0
end_of_record
TN:
SF:src\core\user\application\insert.user.ts
FN:18,(anonymous_8)
FN:26,(anonymous_9)
FN:38,(anonymous_11)
FN:68,(anonymous_12)
FN:80,(anonymous_14)
FN:113,(anonymous_15)
FN:125,(anonymous_17)
FNF:7
FNH:4
FNDA:1,(anonymous_8)
FNDA:2,(anonymous_9)
FNDA:0,(anonymous_11)
FNDA:2,(anonymous_12)
FNDA:0,(anonymous_14)
FNDA:2,(anonymous_15)
FNDA:0,(anonymous_17)
DA:1,1
DA:2,1
DA:3,1
DA:11,1
DA:19,1
DA:27,2
DA:29,2
DA:37,2
DA:38,0
DA:39,0
DA:42,2
DA:43,2
DA:44,2
DA:45,2
DA:46,0
DA:49,2
DA:59,2
DA:60,2
DA:63,0
DA:69,2
DA:70,2
DA:79,2
DA:80,0
DA:81,0
DA:84,2
DA:85,2
DA:86,2
DA:87,2
DA:88,0
DA:91,2
DA:101,2
DA:104,2
DA:105,2
DA:108,0
DA:114,2
DA:116,2
DA:124,2
DA:125,0
DA:126,0
DA:129,2
DA:130,2
DA:131,2
DA:132,2
DA:133,0
DA:136,2
DA:146,2
DA:147,2
DA:150,0
LF:48
LH:36
BRDA:37,0,0,0
BRDA:38,1,0,0
BRDA:38,1,1,0
BRDA:45,2,0,0
BRDA:79,3,0,0
BRDA:80,4,0,0
BRDA:80,4,1,0
BRDA:87,5,0,0
BRDA:124,6,0,0
BRDA:125,7,0,0
BRDA:125,7,1,0
BRDA:132,8,0,0
BRF:12
BRH:0
end_of_record
TN:
SF:src\core\user\application\login.user.ts
FN:14,(anonymous_8)
FN:20,(anonymous_9)
FN:28,(anonymous_11)
FNF:3
FNH:2
FNDA:1,(anonymous_8)
FNDA:3,(anonymous_9)
FNDA:0,(anonymous_11)
DA:1,1
DA:2,1
DA:3,1
DA:9,1
DA:15,1
DA:21,3
DA:23,3
DA:27,3
DA:28,0
DA:29,0
DA:32,3
DA:33,3
DA:34,1
DA:37,2
DA:38,2
DA:39,1
DA:43,1
DA:44,1
DA:45,0
DA:48,1
DA:53,1
DA:56,2
LF:22
LH:19
BRDA:27,0,0,0
BRDA:28,1,0,0
BRDA:28,1,1,0
BRDA:33,2,0,1
BRDA:38,3,0,1
BRDA:44,4,0,0
BRF:6
BRH:2
end_of_record
TN:
SF:src\core\user\domain\user.dto.ts
FN:48,(anonymous_1)
FNF:1
FNH:1
FNDA:9,(anonymous_1)
DA:1,1
DA:10,1
DA:14,1
DA:18,1
DA:22,1
DA:28,1
DA:36,1
DA:42,1
DA:46,1
DA:49,9
LF:10
LH:10
BRF:0
BRH:0
end_of_record
TN:
SF:src\core\user\domain\user.model.ts
FN:12,(anonymous_0)
FNF:1
FNH:1
FNDA:6,(anonymous_0)
DA:2,1
DA:13,6
LF:2
LH:2
BRF:0
BRH:0
end_of_record
TN:
SF:src\core\user\infraestructure\bcrypt\user.bcrypt.repository.ts
FN:6,(anonymous_8)
FN:17,(anonymous_10)
FNF:2
FNH:2
FNDA:6,(anonymous_8)
FNDA:2,(anonymous_10)
DA:2,1
DA:4,1
DA:7,6
DA:9,6
DA:10,6
DA:13,0
DA:18,2
DA:20,2
DA:21,2
DA:24,0
LF:10
LH:8
BRF:0
BRH:0
end_of_record
TN:
SF:src\core\user\infraestructure\prisma\user.prisma.repository.ts
FN:7,(anonymous_8)
FN:29,(anonymous_10)
FNF:2
FNH:2
FNDA:6,(anonymous_8)
FNDA:3,(anonymous_10)
DA:1,1
DA:5,1
DA:8,6
DA:9,6
DA:22,6
DA:25,0
DA:30,3
DA:31,3
DA:37,3
DA:40,0
LF:10
LH:8
BRF:0
BRH:0
end_of_record
TN:
SF:src\core\user\infraestructure\services\restaurant.service.repository.ts
FN:8,(anonymous_8)
FNF:1
FNH:1
FNDA:2,(anonymous_8)
DA:1,1
DA:4,1
DA:6,1
DA:9,2
DA:10,2
DA:15,2
DA:17,2
DA:20,0
LF:8
LH:7
BRF:0
BRH:0
end_of_record
TN:
SF:src\core\user\infraestructure\uuid\user.uuid.repository.ts
FN:6,(anonymous_0)
FNF:1
FNH:1
FNDA:6,(anonymous_0)
DA:2,1
DA:4,1
DA:7,6
DA:9,6
DA:12,0
LF:5
LH:4
BRF:0
BRH:0
end_of_record
TN:
SF:src\docs\role.docs.ts
FNF:0
FNH:0
DA:2,1
DA:13,1
DA:25,1
DA:37,1
DA:59,1
DA:81,1
DA:103,1
DA:147,1
DA:173,1
DA:198,1
DA:227,1
LF:11
LH:11
BRF:0
BRH:0
end_of_record
TN:
SF:src\docs\swagger.ts
FNF:0
FNH:0
DA:1,1
DA:2,1
DA:14,1
DA:23,1
DA:87,1
DA:92,1
LF:6
LH:6
BRF:0
BRH:0
end_of_record
TN:
SF:src\docs\users.docs.ts
FNF:0
FNH:0
DA:3,1
DA:75,1
DA:153,1
DA:220,1
DA:264,1
DA:271,1
DA:278,1
DA:311,1
DA:344,1
DA:377,1
DA:403,1
LF:11
LH:11
BRF:0
BRH:0
end_of_record
TN:
SF:src\middlewares\verify.user.role.ts
FN:4,(anonymous_1)
FN:5,(anonymous_2)
FNF:2
FNH:2
FNDA:2,(anonymous_1)
FNDA:10,(anonymous_2)
DA:2,1
DA:4,1
DA:5,2
DA:7,10
DA:9,10
DA:10,2
DA:15,8
DA:16,8
DA:18,6
DA:19,2
DA:20,1
DA:24,1
DA:30,4
DA:34,2
LF:14
LH:14
BRDA:7,0,0,2
BRDA:7,0,1,8
BRDA:7,1,0,10
BRDA:7,1,1,10
BRDA:9,2,0,2
BRDA:18,3,0,2
BRDA:19,4,0,1
BRDA:19,4,1,1
BRF:8
BRH:8
end_of_record
TN:
SF:src\routes\role.routes.ts
FNF:0
FNH:0
DA:1,1
DA:2,1
DA:4,1
DA:6,1
DA:12,1
LF:5
LH:5
BRF:0
BRH:0
end_of_record
TN:
SF:src\routes\user.routes.ts
FNF:0
FNH:0
DA:1,1
DA:2,1
DA:3,1
DA:5,1
DA:7,1
DA:13,1
LF:6
LH:6
BRF:0
BRH:0
end_of_record
